INFO - 2023-07-07 04:04:24 --> Session: Class initialized using 'CodeIgniter\Session\Handlers\FileHandler' driver.
INFO - 2023-07-07 04:04:26 --> Session: Class initialized using 'CodeIgniter\Session\Handlers\FileHandler' driver.
INFO - 2023-07-07 04:04:55 --> Session: Class initialized using 'CodeIgniter\Session\Handlers\FileHandler' driver.
INFO - 2023-07-07 04:04:55 --> Session: Class initialized using 'CodeIgniter\Session\Handlers\FileHandler' driver.
INFO - 2023-07-07 04:05:05 --> Session: Class initialized using 'CodeIgniter\Session\Handlers\FileHandler' driver.
INFO - 2023-07-07 04:05:07 --> Session: Class initialized using 'CodeIgniter\Session\Handlers\FileHandler' driver.
INFO - 2023-07-07 04:05:08 --> Session: Class initialized using 'CodeIgniter\Session\Handlers\FileHandler' driver.
INFO - 2023-07-07 04:05:09 --> Session: Class initialized using 'CodeIgniter\Session\Handlers\FileHandler' driver.
INFO - 2023-07-07 04:05:09 --> Session: Class initialized using 'CodeIgniter\Session\Handlers\FileHandler' driver.
INFO - 2023-07-07 04:05:11 --> Session: Class initialized using 'CodeIgniter\Session\Handlers\FileHandler' driver.
INFO - 2023-07-07 04:05:17 --> Session: Class initialized using 'CodeIgniter\Session\Handlers\FileHandler' driver.
INFO - 2023-07-07 04:08:17 --> Session: Class initialized using 'CodeIgniter\Session\Handlers\FileHandler' driver.
CRITICAL - 2023-07-07 04:08:17 --> Undefined variable $pager
in APPPATH\Views\dashboard\buku.php on line 151.
 1 APPPATH\Views\dashboard\buku.php(151): CodeIgniter\Debug\Exceptions->errorHandler(2, 'Undefined variable $pager', 'C:\\xampp\\htdocs\\game-on\\app\\Views\\dashboard\\buku.php', 151)
 2 SYSTEMPATH\View\View.php(213): include('C:\\xampp\\htdocs\\game-on\\app\\Views\\dashboard\\buku.php')
 3 SYSTEMPATH\View\View.php(216): CodeIgniter\View\View->CodeIgniter\View\{closure}()
 4 SYSTEMPATH\Common.php(1184): CodeIgniter\View\View->render('dashboard/buku', [], true)
 5 APPPATH\Controllers\Dashboard.php(36): view('dashboard/buku', [...])
 6 SYSTEMPATH\CodeIgniter.php(934): App\Controllers\Dashboard->buku()
 7 SYSTEMPATH\CodeIgniter.php(499): CodeIgniter\CodeIgniter->runController(Object(App\Controllers\Dashboard))
 8 SYSTEMPATH\CodeIgniter.php(368): CodeIgniter\CodeIgniter->handleRequest(null, Object(Config\Cache), false)
 9 FCPATH\index.php(67): CodeIgniter\CodeIgniter->run()
10 SYSTEMPATH\Commands\Server\rewrite.php(47): require_once('C:\\xampp\\htdocs\\game-on\\public\\index.php')
INFO - 2023-07-07 04:09:24 --> Session: Class initialized using 'CodeIgniter\Session\Handlers\FileHandler' driver.
CRITICAL - 2023-07-07 04:09:24 --> Undefined variable $pager
in APPPATH\Views\dashboard\buku.php on line 151.
 1 APPPATH\Views\dashboard\buku.php(151): CodeIgniter\Debug\Exceptions->errorHandler(2, 'Undefined variable $pager', 'C:\\xampp\\htdocs\\game-on\\app\\Views\\dashboard\\buku.php', 151)
 2 SYSTEMPATH\View\View.php(213): include('C:\\xampp\\htdocs\\game-on\\app\\Views\\dashboard\\buku.php')
 3 SYSTEMPATH\View\View.php(216): CodeIgniter\View\View->CodeIgniter\View\{closure}()
 4 SYSTEMPATH\Common.php(1184): CodeIgniter\View\View->render('dashboard/buku', [], true)
 5 APPPATH\Controllers\Dashboard.php(37): view('dashboard/buku', [...])
 6 SYSTEMPATH\CodeIgniter.php(934): App\Controllers\Dashboard->buku()
 7 SYSTEMPATH\CodeIgniter.php(499): CodeIgniter\CodeIgniter->runController(Object(App\Controllers\Dashboard))
 8 SYSTEMPATH\CodeIgniter.php(368): CodeIgniter\CodeIgniter->handleRequest(null, Object(Config\Cache), false)
 9 FCPATH\index.php(67): CodeIgniter\CodeIgniter->run()
10 SYSTEMPATH\Commands\Server\rewrite.php(47): require_once('C:\\xampp\\htdocs\\game-on\\public\\index.php')
INFO - 2023-07-07 04:09:25 --> Session: Class initialized using 'CodeIgniter\Session\Handlers\FileHandler' driver.
CRITICAL - 2023-07-07 04:09:25 --> Undefined variable $pager
in APPPATH\Views\dashboard\buku.php on line 151.
 1 APPPATH\Views\dashboard\buku.php(151): CodeIgniter\Debug\Exceptions->errorHandler(2, 'Undefined variable $pager', 'C:\\xampp\\htdocs\\game-on\\app\\Views\\dashboard\\buku.php', 151)
 2 SYSTEMPATH\View\View.php(213): include('C:\\xampp\\htdocs\\game-on\\app\\Views\\dashboard\\buku.php')
 3 SYSTEMPATH\View\View.php(216): CodeIgniter\View\View->CodeIgniter\View\{closure}()
 4 SYSTEMPATH\Common.php(1184): CodeIgniter\View\View->render('dashboard/buku', [], true)
 5 APPPATH\Controllers\Dashboard.php(37): view('dashboard/buku', [...])
 6 SYSTEMPATH\CodeIgniter.php(934): App\Controllers\Dashboard->buku()
 7 SYSTEMPATH\CodeIgniter.php(499): CodeIgniter\CodeIgniter->runController(Object(App\Controllers\Dashboard))
 8 SYSTEMPATH\CodeIgniter.php(368): CodeIgniter\CodeIgniter->handleRequest(null, Object(Config\Cache), false)
 9 FCPATH\index.php(67): CodeIgniter\CodeIgniter->run()
10 SYSTEMPATH\Commands\Server\rewrite.php(47): require_once('C:\\xampp\\htdocs\\game-on\\public\\index.php')
INFO - 2023-07-07 04:09:27 --> Session: Class initialized using 'CodeIgniter\Session\Handlers\FileHandler' driver.
INFO - 2023-07-07 04:09:34 --> Session: Class initialized using 'CodeIgniter\Session\Handlers\FileHandler' driver.
CRITICAL - 2023-07-07 04:09:34 --> Undefined variable $pager
in APPPATH\Views\dashboard\buku.php on line 151.
 1 APPPATH\Views\dashboard\buku.php(151): CodeIgniter\Debug\Exceptions->errorHandler(2, 'Undefined variable $pager', 'C:\\xampp\\htdocs\\game-on\\app\\Views\\dashboard\\buku.php', 151)
 2 SYSTEMPATH\View\View.php(213): include('C:\\xampp\\htdocs\\game-on\\app\\Views\\dashboard\\buku.php')
 3 SYSTEMPATH\View\View.php(216): CodeIgniter\View\View->CodeIgniter\View\{closure}()
 4 SYSTEMPATH\Common.php(1184): CodeIgniter\View\View->render('dashboard/buku', [], true)
 5 APPPATH\Controllers\Dashboard.php(37): view('dashboard/buku', [...])
 6 SYSTEMPATH\CodeIgniter.php(934): App\Controllers\Dashboard->buku()
 7 SYSTEMPATH\CodeIgniter.php(499): CodeIgniter\CodeIgniter->runController(Object(App\Controllers\Dashboard))
 8 SYSTEMPATH\CodeIgniter.php(368): CodeIgniter\CodeIgniter->handleRequest(null, Object(Config\Cache), false)
 9 FCPATH\index.php(67): CodeIgniter\CodeIgniter->run()
10 SYSTEMPATH\Commands\Server\rewrite.php(47): require_once('C:\\xampp\\htdocs\\game-on\\public\\index.php')
INFO - 2023-07-07 04:10:38 --> Session: Class initialized using 'CodeIgniter\Session\Handlers\FileHandler' driver.
CRITICAL - 2023-07-07 04:10:38 --> View themes, no current section.
in SYSTEMPATH\View\View.php on line 394.
 1 APPPATH\Views\dashboard\buku.php(155): CodeIgniter\View\View->endSection()
 2 SYSTEMPATH\View\View.php(213): include('C:\\xampp\\htdocs\\game-on\\app\\Views\\dashboard\\buku.php')
 3 SYSTEMPATH\View\View.php(216): CodeIgniter\View\View->CodeIgniter\View\{closure}()
 4 SYSTEMPATH\Common.php(1184): CodeIgniter\View\View->render('dashboard/buku', [], true)
 5 APPPATH\Controllers\Dashboard.php(37): view('dashboard/buku', [...])
 6 SYSTEMPATH\CodeIgniter.php(934): App\Controllers\Dashboard->buku()
 7 SYSTEMPATH\CodeIgniter.php(499): CodeIgniter\CodeIgniter->runController(Object(App\Controllers\Dashboard))
 8 SYSTEMPATH\CodeIgniter.php(368): CodeIgniter\CodeIgniter->handleRequest(null, Object(Config\Cache), false)
 9 FCPATH\index.php(67): CodeIgniter\CodeIgniter->run()
10 SYSTEMPATH\Commands\Server\rewrite.php(47): require_once('C:\\xampp\\htdocs\\game-on\\public\\index.php')
INFO - 2023-07-07 04:12:07 --> Session: Class initialized using 'CodeIgniter\Session\Handlers\FileHandler' driver.
INFO - 2023-07-07 04:12:41 --> Session: Class initialized using 'CodeIgniter\Session\Handlers\FileHandler' driver.
INFO - 2023-07-07 04:12:44 --> Session: Class initialized using 'CodeIgniter\Session\Handlers\FileHandler' driver.
INFO - 2023-07-07 04:12:47 --> Session: Class initialized using 'CodeIgniter\Session\Handlers\FileHandler' driver.
CRITICAL - 2023-07-07 04:13:18 --> Invalid file: "dashboard/buku.php"
in SYSTEMPATH\Exceptions\FrameworkException.php on line 33.
 1 SYSTEMPATH\View\View.php(201): CodeIgniter\Exceptions\FrameworkException::forInvalidFile('dashboard/buku.php')
 2 SYSTEMPATH\Common.php(1184): CodeIgniter\View\View->render('dashboard/buku', [], true)
 3 APPPATH\Controllers\Dashboard.php(37): view('dashboard/buku', [...])
 4 SYSTEMPATH\CodeIgniter.php(934): App\Controllers\Dashboard->buku()
 5 SYSTEMPATH\CodeIgniter.php(499): CodeIgniter\CodeIgniter->runController(Object(App\Controllers\Dashboard))
 6 SYSTEMPATH\CodeIgniter.php(368): CodeIgniter\CodeIgniter->handleRequest(null, Object(Config\Cache), false)
 7 FCPATH\index.php(67): CodeIgniter\CodeIgniter->run()
 8 SYSTEMPATH\Commands\Server\rewrite.php(47): require_once('C:\\xampp\\htdocs\\game-on\\public\\index.php')
CRITICAL - 2023-07-07 04:13:18 --> Invalid file: "dashboard/buku.php"
in SYSTEMPATH\Exceptions\FrameworkException.php on line 33.
 1 SYSTEMPATH\View\View.php(201): CodeIgniter\Exceptions\FrameworkException::forInvalidFile('dashboard/buku.php')
 2 SYSTEMPATH\Common.php(1184): CodeIgniter\View\View->render('dashboard/buku', [], true)
 3 APPPATH\Controllers\Dashboard.php(37): view('dashboard/buku', [...])
 4 SYSTEMPATH\CodeIgniter.php(934): App\Controllers\Dashboard->buku()
 5 SYSTEMPATH\CodeIgniter.php(499): CodeIgniter\CodeIgniter->runController(Object(App\Controllers\Dashboard))
 6 SYSTEMPATH\CodeIgniter.php(368): CodeIgniter\CodeIgniter->handleRequest(null, Object(Config\Cache), false)
 7 FCPATH\index.php(67): CodeIgniter\CodeIgniter->run()
 8 SYSTEMPATH\Commands\Server\rewrite.php(47): require_once('C:\\xampp\\htdocs\\game-on\\public\\index.php')
INFO - 2023-07-07 04:15:04 --> Session: Class initialized using 'CodeIgniter\Session\Handlers\FileHandler' driver.
INFO - 2023-07-07 04:15:06 --> Session: Class initialized using 'CodeIgniter\Session\Handlers\FileHandler' driver.
INFO - 2023-07-07 04:15:08 --> Session: Class initialized using 'CodeIgniter\Session\Handlers\FileHandler' driver.
INFO - 2023-07-07 04:15:15 --> Session: Class initialized using 'CodeIgniter\Session\Handlers\FileHandler' driver.
INFO - 2023-07-07 04:15:24 --> Session: Class initialized using 'CodeIgniter\Session\Handlers\FileHandler' driver.
INFO - 2023-07-07 04:24:40 --> Session: Class initialized using 'CodeIgniter\Session\Handlers\FileHandler' driver.
INFO - 2023-07-07 04:24:46 --> Session: Class initialized using 'CodeIgniter\Session\Handlers\FileHandler' driver.
INFO - 2023-07-07 04:27:20 --> Session: Class initialized using 'CodeIgniter\Session\Handlers\FileHandler' driver.
INFO - 2023-07-07 04:27:21 --> Session: Class initialized using 'CodeIgniter\Session\Handlers\FileHandler' driver.
INFO - 2023-07-07 04:27:27 --> Session: Class initialized using 'CodeIgniter\Session\Handlers\FileHandler' driver.
INFO - 2023-07-07 04:28:11 --> Session: Class initialized using 'CodeIgniter\Session\Handlers\FileHandler' driver.
INFO - 2023-07-07 04:28:23 --> Session: Class initialized using 'CodeIgniter\Session\Handlers\FileHandler' driver.
INFO - 2023-07-07 04:28:26 --> Session: Class initialized using 'CodeIgniter\Session\Handlers\FileHandler' driver.
INFO - 2023-07-07 04:29:56 --> Session: Class initialized using 'CodeIgniter\Session\Handlers\FileHandler' driver.
INFO - 2023-07-07 04:29:59 --> Session: Class initialized using 'CodeIgniter\Session\Handlers\FileHandler' driver.
INFO - 2023-07-07 05:44:05 --> Session: Class initialized using 'CodeIgniter\Session\Handlers\FileHandler' driver.
INFO - 2023-07-07 05:44:07 --> Session: Class initialized using 'CodeIgniter\Session\Handlers\FileHandler' driver.
INFO - 2023-07-07 05:44:14 --> Session: Class initialized using 'CodeIgniter\Session\Handlers\FileHandler' driver.
CRITICAL - 2023-07-07 05:49:04 --> Invalid file: "/public/assets/images/Logo-Mobile-Legends.png"
in SYSTEMPATH\Exceptions\FrameworkException.php on line 33.
 1 SYSTEMPATH\View\View.php(201): CodeIgniter\Exceptions\FrameworkException::forInvalidFile('/public/assets/images/Logo-Mobile-Legends.png')
 2 SYSTEMPATH\Common.php(1184): CodeIgniter\View\View->render('/public/assets/images/Logo-Mobile-Legends.png', [], true)
 3 APPPATH\Views\dashboard\topup.php(74): view('/public/assets/images/Logo-Mobile-Legends.png')
 4 SYSTEMPATH\View\View.php(213): include('C:\\xampp\\htdocs\\game-on\\app\\Views\\dashboard\\topup.php')
 5 SYSTEMPATH\View\View.php(216): CodeIgniter\View\View->CodeIgniter\View\{closure}()
 6 SYSTEMPATH\Common.php(1184): CodeIgniter\View\View->render('dashboard/topup', [], true)
 7 APPPATH\Controllers\Dashboard.php(37): view('dashboard/topup', [...])
 8 SYSTEMPATH\CodeIgniter.php(934): App\Controllers\Dashboard->topup()
 9 SYSTEMPATH\CodeIgniter.php(499): CodeIgniter\CodeIgniter->runController(Object(App\Controllers\Dashboard))
10 SYSTEMPATH\CodeIgniter.php(368): CodeIgniter\CodeIgniter->handleRequest(null, Object(Config\Cache), false)
11 FCPATH\index.php(67): CodeIgniter\CodeIgniter->run()
12 SYSTEMPATH\Commands\Server\rewrite.php(47): require_once('C:\\xampp\\htdocs\\game-on\\public\\index.php')
CRITICAL - 2023-07-07 05:49:04 --> Invalid file: "/public/assets/images/Logo-Mobile-Legends.png"
in SYSTEMPATH\Exceptions\FrameworkException.php on line 33.
 1 SYSTEMPATH\View\View.php(201): CodeIgniter\Exceptions\FrameworkException::forInvalidFile('/public/assets/images/Logo-Mobile-Legends.png')
 2 SYSTEMPATH\Common.php(1184): CodeIgniter\View\View->render('/public/assets/images/Logo-Mobile-Legends.png', [], true)
 3 APPPATH\Views\dashboard\topup.php(74): view('/public/assets/images/Logo-Mobile-Legends.png')
 4 SYSTEMPATH\View\View.php(213): include('C:\\xampp\\htdocs\\game-on\\app\\Views\\dashboard\\topup.php')
 5 SYSTEMPATH\View\View.php(216): CodeIgniter\View\View->CodeIgniter\View\{closure}()
 6 SYSTEMPATH\Common.php(1184): CodeIgniter\View\View->render('dashboard/topup', [], true)
 7 APPPATH\Controllers\Dashboard.php(37): view('dashboard/topup', [...])
 8 SYSTEMPATH\CodeIgniter.php(934): App\Controllers\Dashboard->topup()
 9 SYSTEMPATH\CodeIgniter.php(499): CodeIgniter\CodeIgniter->runController(Object(App\Controllers\Dashboard))
10 SYSTEMPATH\CodeIgniter.php(368): CodeIgniter\CodeIgniter->handleRequest(null, Object(Config\Cache), false)
11 FCPATH\index.php(67): CodeIgniter\CodeIgniter->run()
12 SYSTEMPATH\Commands\Server\rewrite.php(47): require_once('C:\\xampp\\htdocs\\game-on\\public\\index.php')
CRITICAL - 2023-07-07 05:49:09 --> syntax error, unexpected token "echo"
in APPPATH\Views\dashboard\topup.php on line 74.
 1 SYSTEMPATH\View\View.php(216): CodeIgniter\View\View->CodeIgniter\View\{closure}()
 2 SYSTEMPATH\Common.php(1184): CodeIgniter\View\View->render('dashboard/topup', [], true)
 3 APPPATH\Controllers\Dashboard.php(37): view('dashboard/topup', [...])
 4 SYSTEMPATH\CodeIgniter.php(934): App\Controllers\Dashboard->topup()
 5 SYSTEMPATH\CodeIgniter.php(499): CodeIgniter\CodeIgniter->runController(Object(App\Controllers\Dashboard))
 6 SYSTEMPATH\CodeIgniter.php(368): CodeIgniter\CodeIgniter->handleRequest(null, Object(Config\Cache), false)
 7 FCPATH\index.php(67): CodeIgniter\CodeIgniter->run()
 8 SYSTEMPATH\Commands\Server\rewrite.php(47): require_once('C:\\xampp\\htdocs\\game-on\\public\\index.php')
INFO - 2023-07-07 12:39:53 --> Session: Class initialized using 'CodeIgniter\Session\Handlers\FileHandler' driver.
INFO - 2023-07-07 12:39:57 --> Session: Class initialized using 'CodeIgniter\Session\Handlers\FileHandler' driver.
INFO - 2023-07-07 12:40:04 --> Session: Class initialized using 'CodeIgniter\Session\Handlers\FileHandler' driver.
INFO - 2023-07-07 13:03:10 --> Session: Class initialized using 'CodeIgniter\Session\Handlers\FileHandler' driver.
INFO - 2023-07-07 13:07:09 --> Session: Class initialized using 'CodeIgniter\Session\Handlers\FileHandler' driver.
INFO - 2023-07-07 13:07:10 --> Session: Class initialized using 'CodeIgniter\Session\Handlers\FileHandler' driver.
CRITICAL - 2023-07-07 13:26:53 --> syntax error, unexpected token "echo"
in APPPATH\Views\dashboard\topup.php on line 71.
 1 SYSTEMPATH\View\View.php(216): CodeIgniter\View\View->CodeIgniter\View\{closure}()
 2 SYSTEMPATH\Common.php(1184): CodeIgniter\View\View->render('dashboard/topup', [], true)
 3 APPPATH\Controllers\Dashboard.php(37): view('dashboard/topup', [...])
 4 SYSTEMPATH\CodeIgniter.php(934): App\Controllers\Dashboard->topup()
 5 SYSTEMPATH\CodeIgniter.php(499): CodeIgniter\CodeIgniter->runController(Object(App\Controllers\Dashboard))
 6 SYSTEMPATH\CodeIgniter.php(368): CodeIgniter\CodeIgniter->handleRequest(null, Object(Config\Cache), false)
 7 FCPATH\index.php(67): CodeIgniter\CodeIgniter->run()
 8 SYSTEMPATH\Commands\Server\rewrite.php(47): require_once('C:\\xampp\\htdocs\\game-on\\public\\index.php')
CRITICAL - 2023-07-07 13:26:53 --> syntax error, unexpected token "echo"
in APPPATH\Views\dashboard\topup.php on line 71.
 1 SYSTEMPATH\View\View.php(216): CodeIgniter\View\View->CodeIgniter\View\{closure}()
 2 SYSTEMPATH\Common.php(1184): CodeIgniter\View\View->render('dashboard/topup', [], true)
 3 APPPATH\Controllers\Dashboard.php(37): view('dashboard/topup', [...])
 4 SYSTEMPATH\CodeIgniter.php(934): App\Controllers\Dashboard->topup()
 5 SYSTEMPATH\CodeIgniter.php(499): CodeIgniter\CodeIgniter->runController(Object(App\Controllers\Dashboard))
 6 SYSTEMPATH\CodeIgniter.php(368): CodeIgniter\CodeIgniter->handleRequest(null, Object(Config\Cache), false)
 7 FCPATH\index.php(67): CodeIgniter\CodeIgniter->run()
 8 SYSTEMPATH\Commands\Server\rewrite.php(47): require_once('C:\\xampp\\htdocs\\game-on\\public\\index.php')
CRITICAL - 2023-07-07 13:26:54 --> syntax error, unexpected token "echo"
in APPPATH\Views\dashboard\topup.php on line 71.
 1 SYSTEMPATH\View\View.php(216): CodeIgniter\View\View->CodeIgniter\View\{closure}()
 2 SYSTEMPATH\Common.php(1184): CodeIgniter\View\View->render('dashboard/topup', [], true)
 3 APPPATH\Controllers\Dashboard.php(37): view('dashboard/topup', [...])
 4 SYSTEMPATH\CodeIgniter.php(934): App\Controllers\Dashboard->topup()
 5 SYSTEMPATH\CodeIgniter.php(499): CodeIgniter\CodeIgniter->runController(Object(App\Controllers\Dashboard))
 6 SYSTEMPATH\CodeIgniter.php(368): CodeIgniter\CodeIgniter->handleRequest(null, Object(Config\Cache), false)
 7 FCPATH\index.php(67): CodeIgniter\CodeIgniter->run()
 8 SYSTEMPATH\Commands\Server\rewrite.php(47): require_once('C:\\xampp\\htdocs\\game-on\\public\\index.php')
CRITICAL - 2023-07-07 13:27:28 --> include(/public/assets/images/Logo-Mobile-Legends.png): Failed to open stream: No such file or directory
in APPPATH\Views\dashboard\topup.php on line 71.
 1 APPPATH\Views\dashboard\topup.php(71): CodeIgniter\Debug\Exceptions->errorHandler(2, 'include(/public/assets/images/Logo-Mobile-Legends.png): Failed to open stream: No such file or directory', 'C:\\xampp\\htdocs\\game-on\\app\\Views\\dashboard\\topup.php', 71)
 2 APPPATH\Views\dashboard\topup.php(71): include()
 3 SYSTEMPATH\View\View.php(213): include('C:\\xampp\\htdocs\\game-on\\app\\Views\\dashboard\\topup.php')
 4 SYSTEMPATH\View\View.php(216): CodeIgniter\View\View->CodeIgniter\View\{closure}()
 5 SYSTEMPATH\Common.php(1184): CodeIgniter\View\View->render('dashboard/topup', [], true)
 6 APPPATH\Controllers\Dashboard.php(37): view('dashboard/topup', [...])
 7 SYSTEMPATH\CodeIgniter.php(934): App\Controllers\Dashboard->topup()
 8 SYSTEMPATH\CodeIgniter.php(499): CodeIgniter\CodeIgniter->runController(Object(App\Controllers\Dashboard))
 9 SYSTEMPATH\CodeIgniter.php(368): CodeIgniter\CodeIgniter->handleRequest(null, Object(Config\Cache), false)
10 FCPATH\index.php(67): CodeIgniter\CodeIgniter->run()
11 SYSTEMPATH\Commands\Server\rewrite.php(47): require_once('C:\\xampp\\htdocs\\game-on\\public\\index.php')
INFO - 2023-07-07 16:26:30 --> Session: Class initialized using 'CodeIgniter\Session\Handlers\FileHandler' driver.
INFO - 2023-07-07 16:26:30 --> Session: Class initialized using 'CodeIgniter\Session\Handlers\FileHandler' driver.
INFO - 2023-07-07 16:38:51 --> Session: Class initialized using 'CodeIgniter\Session\Handlers\FileHandler' driver.
INFO - 2023-07-07 16:39:02 --> Session: Class initialized using 'CodeIgniter\Session\Handlers\FileHandler' driver.
INFO - 2023-07-07 16:39:06 --> Session: Class initialized using 'CodeIgniter\Session\Handlers\FileHandler' driver.
INFO - 2023-07-07 16:45:12 --> Session: Class initialized using 'CodeIgniter\Session\Handlers\FileHandler' driver.
CRITICAL - 2023-07-07 17:47:04 --> Invalid file: "mobile_legend.php"
in SYSTEMPATH\Exceptions\FrameworkException.php on line 33.
 1 SYSTEMPATH\View\View.php(201): CodeIgniter\Exceptions\FrameworkException::forInvalidFile('mobile_legend.php')
 2 SYSTEMPATH\Common.php(1184): CodeIgniter\View\View->render('mobile_legend', [], true)
 3 APPPATH\Controllers\MobileLegendController.php(9): view('mobile_legend')
 4 SYSTEMPATH\CodeIgniter.php(934): App\Controllers\MobileLegendController->index()
 5 SYSTEMPATH\CodeIgniter.php(499): CodeIgniter\CodeIgniter->runController(Object(App\Controllers\MobileLegendController))
 6 SYSTEMPATH\CodeIgniter.php(368): CodeIgniter\CodeIgniter->handleRequest(null, Object(Config\Cache), false)
 7 FCPATH\index.php(67): CodeIgniter\CodeIgniter->run()
 8 SYSTEMPATH\Commands\Server\rewrite.php(47): require_once('C:\\xampp\\htdocs\\game-on\\public\\index.php')
CRITICAL - 2023-07-07 17:48:40 --> Invalid file: "mobile_legend.php"
in SYSTEMPATH\Exceptions\FrameworkException.php on line 33.
 1 SYSTEMPATH\View\View.php(201): CodeIgniter\Exceptions\FrameworkException::forInvalidFile('mobile_legend.php')
 2 SYSTEMPATH\Common.php(1184): CodeIgniter\View\View->render('mobile_legend', [], true)
 3 APPPATH\Controllers\MobileLegendController.php(9): view('mobile_legend')
 4 SYSTEMPATH\CodeIgniter.php(934): App\Controllers\MobileLegendController->index()
 5 SYSTEMPATH\CodeIgniter.php(499): CodeIgniter\CodeIgniter->runController(Object(App\Controllers\MobileLegendController))
 6 SYSTEMPATH\CodeIgniter.php(368): CodeIgniter\CodeIgniter->handleRequest(null, Object(Config\Cache), false)
 7 FCPATH\index.php(67): CodeIgniter\CodeIgniter->run()
 8 SYSTEMPATH\Commands\Server\rewrite.php(47): require_once('C:\\xampp\\htdocs\\game-on\\public\\index.php')
CRITICAL - 2023-07-07 17:48:52 --> Invalid file: "mobile_legend.php"
in SYSTEMPATH\Exceptions\FrameworkException.php on line 33.
 1 SYSTEMPATH\View\View.php(201): CodeIgniter\Exceptions\FrameworkException::forInvalidFile('mobile_legend.php')
 2 SYSTEMPATH\Common.php(1184): CodeIgniter\View\View->render('mobile_legend', [], true)
 3 APPPATH\Controllers\MobileLegendController.php(9): view('mobile_legend')
 4 SYSTEMPATH\CodeIgniter.php(934): App\Controllers\MobileLegendController->index()
 5 SYSTEMPATH\CodeIgniter.php(499): CodeIgniter\CodeIgniter->runController(Object(App\Controllers\MobileLegendController))
 6 SYSTEMPATH\CodeIgniter.php(368): CodeIgniter\CodeIgniter->handleRequest(null, Object(Config\Cache), false)
 7 FCPATH\index.php(67): CodeIgniter\CodeIgniter->run()
 8 SYSTEMPATH\Commands\Server\rewrite.php(47): require_once('C:\\xampp\\htdocs\\game-on\\public\\index.php')
CRITICAL - 2023-07-07 17:49:32 --> Invalid file: "view_ml.php"
in SYSTEMPATH\Exceptions\FrameworkException.php on line 33.
 1 SYSTEMPATH\View\View.php(201): CodeIgniter\Exceptions\FrameworkException::forInvalidFile('view_ml.php')
 2 SYSTEMPATH\Common.php(1184): CodeIgniter\View\View->render('view_ml', [], true)
 3 APPPATH\Controllers\MobileLegendController.php(32): view('view_ml')
 4 SYSTEMPATH\CodeIgniter.php(934): App\Controllers\MobileLegendController->success()
 5 SYSTEMPATH\CodeIgniter.php(499): CodeIgniter\CodeIgniter->runController(Object(App\Controllers\MobileLegendController))
 6 SYSTEMPATH\CodeIgniter.php(368): CodeIgniter\CodeIgniter->handleRequest(null, Object(Config\Cache), false)
 7 FCPATH\index.php(67): CodeIgniter\CodeIgniter->run()
 8 SYSTEMPATH\Commands\Server\rewrite.php(47): require_once('C:\\xampp\\htdocs\\game-on\\public\\index.php')
CRITICAL - 2023-07-07 17:50:03 --> Invalid file: "view_ml.php"
in SYSTEMPATH\Exceptions\FrameworkException.php on line 33.
 1 SYSTEMPATH\View\View.php(201): CodeIgniter\Exceptions\FrameworkException::forInvalidFile('view_ml.php')
 2 SYSTEMPATH\Common.php(1184): CodeIgniter\View\View->render('view_ml', [], true)
 3 APPPATH\Controllers\MobileLegendController.php(32): view('view_ml')
 4 SYSTEMPATH\CodeIgniter.php(934): App\Controllers\MobileLegendController->success()
 5 SYSTEMPATH\CodeIgniter.php(499): CodeIgniter\CodeIgniter->runController(Object(App\Controllers\MobileLegendController))
 6 SYSTEMPATH\CodeIgniter.php(368): CodeIgniter\CodeIgniter->handleRequest(null, Object(Config\Cache), false)
 7 FCPATH\index.php(67): CodeIgniter\CodeIgniter->run()
 8 SYSTEMPATH\Commands\Server\rewrite.php(47): require_once('C:\\xampp\\htdocs\\game-on\\public\\index.php')
CRITICAL - 2023-07-07 17:50:09 --> Invalid file: "mobile_legend.php"
in SYSTEMPATH\Exceptions\FrameworkException.php on line 33.
 1 SYSTEMPATH\View\View.php(201): CodeIgniter\Exceptions\FrameworkException::forInvalidFile('mobile_legend.php')
 2 SYSTEMPATH\Common.php(1184): CodeIgniter\View\View->render('mobile_legend', [], true)
 3 APPPATH\Controllers\MobileLegendController.php(9): view('mobile_legend')
 4 SYSTEMPATH\CodeIgniter.php(934): App\Controllers\MobileLegendController->index()
 5 SYSTEMPATH\CodeIgniter.php(499): CodeIgniter\CodeIgniter->runController(Object(App\Controllers\MobileLegendController))
 6 SYSTEMPATH\CodeIgniter.php(368): CodeIgniter\CodeIgniter->handleRequest(null, Object(Config\Cache), false)
 7 FCPATH\index.php(67): CodeIgniter\CodeIgniter->run()
 8 SYSTEMPATH\Commands\Server\rewrite.php(47): require_once('C:\\xampp\\htdocs\\game-on\\public\\index.php')
CRITICAL - 2023-07-07 17:52:01 --> Call to undefined function form_open()
in APPPATH\Views\game\mobile_legend.php on line 12.
 1 SYSTEMPATH\View\View.php(213): include()
 2 SYSTEMPATH\View\View.php(216): CodeIgniter\View\View->CodeIgniter\View\{closure}()
 3 SYSTEMPATH\Common.php(1184): CodeIgniter\View\View->render('game/mobile_legend', [], true)
 4 APPPATH\Controllers\MobilelegendController.php(9): view('game/mobile_legend')
 5 SYSTEMPATH\CodeIgniter.php(934): App\Controllers\MobilelegendController->index()
 6 SYSTEMPATH\CodeIgniter.php(499): CodeIgniter\CodeIgniter->runController(Object(App\Controllers\MobilelegendController))
 7 SYSTEMPATH\CodeIgniter.php(368): CodeIgniter\CodeIgniter->handleRequest(null, Object(Config\Cache), false)
 8 FCPATH\index.php(67): CodeIgniter\CodeIgniter->run()
 9 SYSTEMPATH\Commands\Server\rewrite.php(47): require_once('C:\\xampp\\htdocs\\game-on\\public\\index.php')
CRITICAL - 2023-07-07 17:52:02 --> Call to undefined function form_open()
in APPPATH\Views\game\mobile_legend.php on line 12.
 1 SYSTEMPATH\View\View.php(213): include()
 2 SYSTEMPATH\View\View.php(216): CodeIgniter\View\View->CodeIgniter\View\{closure}()
 3 SYSTEMPATH\Common.php(1184): CodeIgniter\View\View->render('game/mobile_legend', [], true)
 4 APPPATH\Controllers\MobilelegendController.php(9): view('game/mobile_legend')
 5 SYSTEMPATH\CodeIgniter.php(934): App\Controllers\MobilelegendController->index()
 6 SYSTEMPATH\CodeIgniter.php(499): CodeIgniter\CodeIgniter->runController(Object(App\Controllers\MobilelegendController))
 7 SYSTEMPATH\CodeIgniter.php(368): CodeIgniter\CodeIgniter->handleRequest(null, Object(Config\Cache), false)
 8 FCPATH\index.php(67): CodeIgniter\CodeIgniter->run()
 9 SYSTEMPATH\Commands\Server\rewrite.php(47): require_once('C:\\xampp\\htdocs\\game-on\\public\\index.php')
CRITICAL - 2023-07-07 17:52:51 --> Call to undefined function form_open()
in APPPATH\Views\game\mobile_legend.php on line 12.
 1 SYSTEMPATH\View\View.php(213): include()
 2 SYSTEMPATH\View\View.php(216): CodeIgniter\View\View->CodeIgniter\View\{closure}()
 3 SYSTEMPATH\Common.php(1184): CodeIgniter\View\View->render('game/mobile_legend', [], true)
 4 APPPATH\Controllers\MobilelegendController.php(9): view('game/mobile_legend')
 5 SYSTEMPATH\CodeIgniter.php(934): App\Controllers\MobilelegendController->index()
 6 SYSTEMPATH\CodeIgniter.php(499): CodeIgniter\CodeIgniter->runController(Object(App\Controllers\MobilelegendController))
 7 SYSTEMPATH\CodeIgniter.php(368): CodeIgniter\CodeIgniter->handleRequest(null, Object(Config\Cache), false)
 8 FCPATH\index.php(67): CodeIgniter\CodeIgniter->run()
 9 SYSTEMPATH\Commands\Server\rewrite.php(47): require_once('C:\\xampp\\htdocs\\game-on\\public\\index.php')
CRITICAL - 2023-07-07 17:52:52 --> Call to undefined function form_open()
in APPPATH\Views\game\mobile_legend.php on line 12.
 1 SYSTEMPATH\View\View.php(213): include()
 2 SYSTEMPATH\View\View.php(216): CodeIgniter\View\View->CodeIgniter\View\{closure}()
 3 SYSTEMPATH\Common.php(1184): CodeIgniter\View\View->render('game/mobile_legend', [], true)
 4 APPPATH\Controllers\MobilelegendController.php(9): view('game/mobile_legend')
 5 SYSTEMPATH\CodeIgniter.php(934): App\Controllers\MobilelegendController->index()
 6 SYSTEMPATH\CodeIgniter.php(499): CodeIgniter\CodeIgniter->runController(Object(App\Controllers\MobilelegendController))
 7 SYSTEMPATH\CodeIgniter.php(368): CodeIgniter\CodeIgniter->handleRequest(null, Object(Config\Cache), false)
 8 FCPATH\index.php(67): CodeIgniter\CodeIgniter->run()
 9 SYSTEMPATH\Commands\Server\rewrite.php(47): require_once('C:\\xampp\\htdocs\\game-on\\public\\index.php')
CRITICAL - 2023-07-07 17:52:52 --> Call to undefined function form_open()
in APPPATH\Views\game\mobile_legend.php on line 12.
 1 SYSTEMPATH\View\View.php(213): include()
 2 SYSTEMPATH\View\View.php(216): CodeIgniter\View\View->CodeIgniter\View\{closure}()
 3 SYSTEMPATH\Common.php(1184): CodeIgniter\View\View->render('game/mobile_legend', [], true)
 4 APPPATH\Controllers\MobilelegendController.php(9): view('game/mobile_legend')
 5 SYSTEMPATH\CodeIgniter.php(934): App\Controllers\MobilelegendController->index()
 6 SYSTEMPATH\CodeIgniter.php(499): CodeIgniter\CodeIgniter->runController(Object(App\Controllers\MobilelegendController))
 7 SYSTEMPATH\CodeIgniter.php(368): CodeIgniter\CodeIgniter->handleRequest(null, Object(Config\Cache), false)
 8 FCPATH\index.php(67): CodeIgniter\CodeIgniter->run()
 9 SYSTEMPATH\Commands\Server\rewrite.php(47): require_once('C:\\xampp\\htdocs\\game-on\\public\\index.php')
CRITICAL - 2023-07-07 17:52:59 --> Call to undefined function form_open()
in APPPATH\Views\game\mobile_legend.php on line 12.
 1 SYSTEMPATH\View\View.php(213): include()
 2 SYSTEMPATH\View\View.php(216): CodeIgniter\View\View->CodeIgniter\View\{closure}()
 3 SYSTEMPATH\Common.php(1184): CodeIgniter\View\View->render('game/mobile_legend', [], true)
 4 APPPATH\Controllers\MobilelegendController.php(9): view('game/mobile_legend')
 5 SYSTEMPATH\CodeIgniter.php(934): App\Controllers\MobilelegendController->index()
 6 SYSTEMPATH\CodeIgniter.php(499): CodeIgniter\CodeIgniter->runController(Object(App\Controllers\MobilelegendController))
 7 SYSTEMPATH\CodeIgniter.php(368): CodeIgniter\CodeIgniter->handleRequest(null, Object(Config\Cache), false)
 8 FCPATH\index.php(67): CodeIgniter\CodeIgniter->run()
 9 SYSTEMPATH\Commands\Server\rewrite.php(47): require_once('C:\\xampp\\htdocs\\game-on\\public\\index.php')
CRITICAL - 2023-07-07 17:52:59 --> Call to undefined function form_open()
in APPPATH\Views\game\mobile_legend.php on line 12.
 1 SYSTEMPATH\View\View.php(213): include()
 2 SYSTEMPATH\View\View.php(216): CodeIgniter\View\View->CodeIgniter\View\{closure}()
 3 SYSTEMPATH\Common.php(1184): CodeIgniter\View\View->render('game/mobile_legend', [], true)
 4 APPPATH\Controllers\MobilelegendController.php(9): view('game/mobile_legend')
 5 SYSTEMPATH\CodeIgniter.php(934): App\Controllers\MobilelegendController->index()
 6 SYSTEMPATH\CodeIgniter.php(499): CodeIgniter\CodeIgniter->runController(Object(App\Controllers\MobilelegendController))
 7 SYSTEMPATH\CodeIgniter.php(368): CodeIgniter\CodeIgniter->handleRequest(null, Object(Config\Cache), false)
 8 FCPATH\index.php(67): CodeIgniter\CodeIgniter->run()
 9 SYSTEMPATH\Commands\Server\rewrite.php(47): require_once('C:\\xampp\\htdocs\\game-on\\public\\index.php')
CRITICAL - 2023-07-07 17:52:59 --> Call to undefined function form_open()
in APPPATH\Views\game\mobile_legend.php on line 12.
 1 SYSTEMPATH\View\View.php(213): include()
 2 SYSTEMPATH\View\View.php(216): CodeIgniter\View\View->CodeIgniter\View\{closure}()
 3 SYSTEMPATH\Common.php(1184): CodeIgniter\View\View->render('game/mobile_legend', [], true)
 4 APPPATH\Controllers\MobilelegendController.php(9): view('game/mobile_legend')
 5 SYSTEMPATH\CodeIgniter.php(934): App\Controllers\MobilelegendController->index()
 6 SYSTEMPATH\CodeIgniter.php(499): CodeIgniter\CodeIgniter->runController(Object(App\Controllers\MobilelegendController))
 7 SYSTEMPATH\CodeIgniter.php(368): CodeIgniter\CodeIgniter->handleRequest(null, Object(Config\Cache), false)
 8 FCPATH\index.php(67): CodeIgniter\CodeIgniter->run()
 9 SYSTEMPATH\Commands\Server\rewrite.php(47): require_once('C:\\xampp\\htdocs\\game-on\\public\\index.php')
CRITICAL - 2023-07-07 17:53:04 --> Call to undefined function form_open()
in APPPATH\Views\game\mobile_legend.php on line 12.
 1 SYSTEMPATH\View\View.php(213): include()
 2 SYSTEMPATH\View\View.php(216): CodeIgniter\View\View->CodeIgniter\View\{closure}()
 3 SYSTEMPATH\Common.php(1184): CodeIgniter\View\View->render('/game/mobile_legend', [], true)
 4 APPPATH\Controllers\MobilelegendController.php(9): view('/game/mobile_legend')
 5 SYSTEMPATH\CodeIgniter.php(934): App\Controllers\MobilelegendController->index()
 6 SYSTEMPATH\CodeIgniter.php(499): CodeIgniter\CodeIgniter->runController(Object(App\Controllers\MobilelegendController))
 7 SYSTEMPATH\CodeIgniter.php(368): CodeIgniter\CodeIgniter->handleRequest(null, Object(Config\Cache), false)
 8 FCPATH\index.php(67): CodeIgniter\CodeIgniter->run()
 9 SYSTEMPATH\Commands\Server\rewrite.php(47): require_once('C:\\xampp\\htdocs\\game-on\\public\\index.php')
CRITICAL - 2023-07-07 17:53:05 --> Call to undefined function form_open()
in APPPATH\Views\game\mobile_legend.php on line 12.
 1 SYSTEMPATH\View\View.php(213): include()
 2 SYSTEMPATH\View\View.php(216): CodeIgniter\View\View->CodeIgniter\View\{closure}()
 3 SYSTEMPATH\Common.php(1184): CodeIgniter\View\View->render('/game/mobile_legend', [], true)
 4 APPPATH\Controllers\MobilelegendController.php(9): view('/game/mobile_legend')
 5 SYSTEMPATH\CodeIgniter.php(934): App\Controllers\MobilelegendController->index()
 6 SYSTEMPATH\CodeIgniter.php(499): CodeIgniter\CodeIgniter->runController(Object(App\Controllers\MobilelegendController))
 7 SYSTEMPATH\CodeIgniter.php(368): CodeIgniter\CodeIgniter->handleRequest(null, Object(Config\Cache), false)
 8 FCPATH\index.php(67): CodeIgniter\CodeIgniter->run()
 9 SYSTEMPATH\Commands\Server\rewrite.php(47): require_once('C:\\xampp\\htdocs\\game-on\\public\\index.php')
CRITICAL - 2023-07-07 17:53:05 --> Call to undefined function form_open()
in APPPATH\Views\game\mobile_legend.php on line 12.
 1 SYSTEMPATH\View\View.php(213): include()
 2 SYSTEMPATH\View\View.php(216): CodeIgniter\View\View->CodeIgniter\View\{closure}()
 3 SYSTEMPATH\Common.php(1184): CodeIgniter\View\View->render('/game/mobile_legend', [], true)
 4 APPPATH\Controllers\MobilelegendController.php(9): view('/game/mobile_legend')
 5 SYSTEMPATH\CodeIgniter.php(934): App\Controllers\MobilelegendController->index()
 6 SYSTEMPATH\CodeIgniter.php(499): CodeIgniter\CodeIgniter->runController(Object(App\Controllers\MobilelegendController))
 7 SYSTEMPATH\CodeIgniter.php(368): CodeIgniter\CodeIgniter->handleRequest(null, Object(Config\Cache), false)
 8 FCPATH\index.php(67): CodeIgniter\CodeIgniter->run()
 9 SYSTEMPATH\Commands\Server\rewrite.php(47): require_once('C:\\xampp\\htdocs\\game-on\\public\\index.php')
CRITICAL - 2023-07-07 17:53:08 --> Call to undefined function form_open()
in APPPATH\Views\game\mobile_legend.php on line 12.
 1 SYSTEMPATH\View\View.php(213): include()
 2 SYSTEMPATH\View\View.php(216): CodeIgniter\View\View->CodeIgniter\View\{closure}()
 3 SYSTEMPATH\Common.php(1184): CodeIgniter\View\View->render('game/mobile_legend', [], true)
 4 APPPATH\Controllers\MobilelegendController.php(9): view('game/mobile_legend')
 5 SYSTEMPATH\CodeIgniter.php(934): App\Controllers\MobilelegendController->index()
 6 SYSTEMPATH\CodeIgniter.php(499): CodeIgniter\CodeIgniter->runController(Object(App\Controllers\MobilelegendController))
 7 SYSTEMPATH\CodeIgniter.php(368): CodeIgniter\CodeIgniter->handleRequest(null, Object(Config\Cache), false)
 8 FCPATH\index.php(67): CodeIgniter\CodeIgniter->run()
 9 SYSTEMPATH\Commands\Server\rewrite.php(47): require_once('C:\\xampp\\htdocs\\game-on\\public\\index.php')
CRITICAL - 2023-07-07 17:53:08 --> Call to undefined function form_open()
in APPPATH\Views\game\mobile_legend.php on line 12.
 1 SYSTEMPATH\View\View.php(213): include()
 2 SYSTEMPATH\View\View.php(216): CodeIgniter\View\View->CodeIgniter\View\{closure}()
 3 SYSTEMPATH\Common.php(1184): CodeIgniter\View\View->render('game/mobile_legend', [], true)
 4 APPPATH\Controllers\MobilelegendController.php(9): view('game/mobile_legend')
 5 SYSTEMPATH\CodeIgniter.php(934): App\Controllers\MobilelegendController->index()
 6 SYSTEMPATH\CodeIgniter.php(499): CodeIgniter\CodeIgniter->runController(Object(App\Controllers\MobilelegendController))
 7 SYSTEMPATH\CodeIgniter.php(368): CodeIgniter\CodeIgniter->handleRequest(null, Object(Config\Cache), false)
 8 FCPATH\index.php(67): CodeIgniter\CodeIgniter->run()
 9 SYSTEMPATH\Commands\Server\rewrite.php(47): require_once('C:\\xampp\\htdocs\\game-on\\public\\index.php')
CRITICAL - 2023-07-07 17:53:25 --> Call to undefined function form_open()
in APPPATH\Views\game\mobile_legend.php on line 12.
 1 SYSTEMPATH\View\View.php(213): include()
 2 SYSTEMPATH\View\View.php(216): CodeIgniter\View\View->CodeIgniter\View\{closure}()
 3 SYSTEMPATH\Common.php(1184): CodeIgniter\View\View->render('game/mobile_legend', [], true)
 4 APPPATH\Controllers\MobilelegendController.php(9): view('game/mobile_legend')
 5 SYSTEMPATH\CodeIgniter.php(934): App\Controllers\MobilelegendController->index()
 6 SYSTEMPATH\CodeIgniter.php(499): CodeIgniter\CodeIgniter->runController(Object(App\Controllers\MobilelegendController))
 7 SYSTEMPATH\CodeIgniter.php(368): CodeIgniter\CodeIgniter->handleRequest(null, Object(Config\Cache), false)
 8 FCPATH\index.php(67): CodeIgniter\CodeIgniter->run()
 9 SYSTEMPATH\Commands\Server\rewrite.php(47): require_once('C:\\xampp\\htdocs\\game-on\\public\\index.php')
CRITICAL - 2023-07-07 17:53:31 --> Call to undefined function form_open()
in APPPATH\Views\game\mobile_legend.php on line 12.
 1 SYSTEMPATH\View\View.php(213): include()
 2 SYSTEMPATH\View\View.php(216): CodeIgniter\View\View->CodeIgniter\View\{closure}()
 3 SYSTEMPATH\Common.php(1184): CodeIgniter\View\View->render('game/mobile_legend', [], true)
 4 APPPATH\Controllers\MobilelegendController.php(9): view('game/mobile_legend')
 5 SYSTEMPATH\CodeIgniter.php(934): App\Controllers\MobilelegendController->index()
 6 SYSTEMPATH\CodeIgniter.php(499): CodeIgniter\CodeIgniter->runController(Object(App\Controllers\MobilelegendController))
 7 SYSTEMPATH\CodeIgniter.php(368): CodeIgniter\CodeIgniter->handleRequest(null, Object(Config\Cache), false)
 8 FCPATH\index.php(67): CodeIgniter\CodeIgniter->run()
 9 SYSTEMPATH\Commands\Server\rewrite.php(47): require_once('C:\\xampp\\htdocs\\game-on\\public\\index.php')
CRITICAL - 2023-07-07 17:53:32 --> Call to undefined function form_open()
in APPPATH\Views\game\mobile_legend.php on line 12.
 1 SYSTEMPATH\View\View.php(213): include()
 2 SYSTEMPATH\View\View.php(216): CodeIgniter\View\View->CodeIgniter\View\{closure}()
 3 SYSTEMPATH\Common.php(1184): CodeIgniter\View\View->render('game/mobile_legend', [], true)
 4 APPPATH\Controllers\MobilelegendController.php(9): view('game/mobile_legend')
 5 SYSTEMPATH\CodeIgniter.php(934): App\Controllers\MobilelegendController->index()
 6 SYSTEMPATH\CodeIgniter.php(499): CodeIgniter\CodeIgniter->runController(Object(App\Controllers\MobilelegendController))
 7 SYSTEMPATH\CodeIgniter.php(368): CodeIgniter\CodeIgniter->handleRequest(null, Object(Config\Cache), false)
 8 FCPATH\index.php(67): CodeIgniter\CodeIgniter->run()
 9 SYSTEMPATH\Commands\Server\rewrite.php(47): require_once('C:\\xampp\\htdocs\\game-on\\public\\index.php')
CRITICAL - 2023-07-07 17:53:32 --> Call to undefined function form_open()
in APPPATH\Views\game\mobile_legend.php on line 12.
 1 SYSTEMPATH\View\View.php(213): include()
 2 SYSTEMPATH\View\View.php(216): CodeIgniter\View\View->CodeIgniter\View\{closure}()
 3 SYSTEMPATH\Common.php(1184): CodeIgniter\View\View->render('game/mobile_legend', [], true)
 4 APPPATH\Controllers\MobilelegendController.php(9): view('game/mobile_legend')
 5 SYSTEMPATH\CodeIgniter.php(934): App\Controllers\MobilelegendController->index()
 6 SYSTEMPATH\CodeIgniter.php(499): CodeIgniter\CodeIgniter->runController(Object(App\Controllers\MobilelegendController))
 7 SYSTEMPATH\CodeIgniter.php(368): CodeIgniter\CodeIgniter->handleRequest(null, Object(Config\Cache), false)
 8 FCPATH\index.php(67): CodeIgniter\CodeIgniter->run()
 9 SYSTEMPATH\Commands\Server\rewrite.php(47): require_once('C:\\xampp\\htdocs\\game-on\\public\\index.php')
CRITICAL - 2023-07-07 17:53:44 --> Call to undefined function form_open()
in APPPATH\Views\game\mobile_legend.php on line 12.
 1 SYSTEMPATH\View\View.php(213): include()
 2 SYSTEMPATH\View\View.php(216): CodeIgniter\View\View->CodeIgniter\View\{closure}()
 3 SYSTEMPATH\Common.php(1184): CodeIgniter\View\View->render('game/mobile_legend', [], true)
 4 APPPATH\Controllers\MobilelegendController.php(9): view('game/mobile_legend')
 5 SYSTEMPATH\CodeIgniter.php(934): App\Controllers\MobilelegendController->index()
 6 SYSTEMPATH\CodeIgniter.php(499): CodeIgniter\CodeIgniter->runController(Object(App\Controllers\MobilelegendController))
 7 SYSTEMPATH\CodeIgniter.php(368): CodeIgniter\CodeIgniter->handleRequest(null, Object(Config\Cache), false)
 8 FCPATH\index.php(67): CodeIgniter\CodeIgniter->run()
 9 SYSTEMPATH\Commands\Server\rewrite.php(47): require_once('C:\\xampp\\htdocs\\game-on\\public\\index.php')
CRITICAL - 2023-07-07 17:53:44 --> Call to undefined function form_open()
in APPPATH\Views\game\mobile_legend.php on line 12.
 1 SYSTEMPATH\View\View.php(213): include()
 2 SYSTEMPATH\View\View.php(216): CodeIgniter\View\View->CodeIgniter\View\{closure}()
 3 SYSTEMPATH\Common.php(1184): CodeIgniter\View\View->render('game/mobile_legend', [], true)
 4 APPPATH\Controllers\MobilelegendController.php(9): view('game/mobile_legend')
 5 SYSTEMPATH\CodeIgniter.php(934): App\Controllers\MobilelegendController->index()
 6 SYSTEMPATH\CodeIgniter.php(499): CodeIgniter\CodeIgniter->runController(Object(App\Controllers\MobilelegendController))
 7 SYSTEMPATH\CodeIgniter.php(368): CodeIgniter\CodeIgniter->handleRequest(null, Object(Config\Cache), false)
 8 FCPATH\index.php(67): CodeIgniter\CodeIgniter->run()
 9 SYSTEMPATH\Commands\Server\rewrite.php(47): require_once('C:\\xampp\\htdocs\\game-on\\public\\index.php')
CRITICAL - 2023-07-07 17:53:44 --> Call to undefined function form_open()
in APPPATH\Views\game\mobile_legend.php on line 12.
 1 SYSTEMPATH\View\View.php(213): include()
 2 SYSTEMPATH\View\View.php(216): CodeIgniter\View\View->CodeIgniter\View\{closure}()
 3 SYSTEMPATH\Common.php(1184): CodeIgniter\View\View->render('game/mobile_legend', [], true)
 4 APPPATH\Controllers\MobilelegendController.php(9): view('game/mobile_legend')
 5 SYSTEMPATH\CodeIgniter.php(934): App\Controllers\MobilelegendController->index()
 6 SYSTEMPATH\CodeIgniter.php(499): CodeIgniter\CodeIgniter->runController(Object(App\Controllers\MobilelegendController))
 7 SYSTEMPATH\CodeIgniter.php(368): CodeIgniter\CodeIgniter->handleRequest(null, Object(Config\Cache), false)
 8 FCPATH\index.php(67): CodeIgniter\CodeIgniter->run()
 9 SYSTEMPATH\Commands\Server\rewrite.php(47): require_once('C:\\xampp\\htdocs\\game-on\\public\\index.php')
CRITICAL - 2023-07-07 17:53:50 --> Call to undefined function form_open()
in APPPATH\Views\game\mobile_legend.php on line 12.
 1 SYSTEMPATH\View\View.php(213): include()
 2 SYSTEMPATH\View\View.php(216): CodeIgniter\View\View->CodeIgniter\View\{closure}()
 3 SYSTEMPATH\Common.php(1184): CodeIgniter\View\View->render('game/mobile_legend', [], true)
 4 APPPATH\Controllers\MobilelegendController.php(9): view('game/mobile_legend')
 5 SYSTEMPATH\CodeIgniter.php(934): App\Controllers\MobilelegendController->index()
 6 SYSTEMPATH\CodeIgniter.php(499): CodeIgniter\CodeIgniter->runController(Object(App\Controllers\MobilelegendController))
 7 SYSTEMPATH\CodeIgniter.php(368): CodeIgniter\CodeIgniter->handleRequest(null, Object(Config\Cache), false)
 8 FCPATH\index.php(67): CodeIgniter\CodeIgniter->run()
 9 SYSTEMPATH\Commands\Server\rewrite.php(47): require_once('C:\\xampp\\htdocs\\game-on\\public\\index.php')
CRITICAL - 2023-07-07 17:53:50 --> Call to undefined function form_open()
in APPPATH\Views\game\mobile_legend.php on line 12.
 1 SYSTEMPATH\View\View.php(213): include()
 2 SYSTEMPATH\View\View.php(216): CodeIgniter\View\View->CodeIgniter\View\{closure}()
 3 SYSTEMPATH\Common.php(1184): CodeIgniter\View\View->render('game/mobile_legend', [], true)
 4 APPPATH\Controllers\MobilelegendController.php(9): view('game/mobile_legend')
 5 SYSTEMPATH\CodeIgniter.php(934): App\Controllers\MobilelegendController->index()
 6 SYSTEMPATH\CodeIgniter.php(499): CodeIgniter\CodeIgniter->runController(Object(App\Controllers\MobilelegendController))
 7 SYSTEMPATH\CodeIgniter.php(368): CodeIgniter\CodeIgniter->handleRequest(null, Object(Config\Cache), false)
 8 FCPATH\index.php(67): CodeIgniter\CodeIgniter->run()
 9 SYSTEMPATH\Commands\Server\rewrite.php(47): require_once('C:\\xampp\\htdocs\\game-on\\public\\index.php')
CRITICAL - 2023-07-07 17:53:54 --> Call to undefined function form_open()
in APPPATH\Views\game\mobile_legend.php on line 12.
 1 SYSTEMPATH\View\View.php(213): include()
 2 SYSTEMPATH\View\View.php(216): CodeIgniter\View\View->CodeIgniter\View\{closure}()
 3 SYSTEMPATH\Common.php(1184): CodeIgniter\View\View->render('game/mobile_legend', [], true)
 4 APPPATH\Controllers\MobilelegendController.php(9): view('game/mobile_legend')
 5 SYSTEMPATH\CodeIgniter.php(934): App\Controllers\MobilelegendController->index()
 6 SYSTEMPATH\CodeIgniter.php(499): CodeIgniter\CodeIgniter->runController(Object(App\Controllers\MobilelegendController))
 7 SYSTEMPATH\CodeIgniter.php(368): CodeIgniter\CodeIgniter->handleRequest(null, Object(Config\Cache), false)
 8 FCPATH\index.php(67): CodeIgniter\CodeIgniter->run()
 9 SYSTEMPATH\Commands\Server\rewrite.php(47): require_once('C:\\xampp\\htdocs\\game-on\\public\\index.php')
CRITICAL - 2023-07-07 17:53:55 --> Call to undefined function form_open()
in APPPATH\Views\game\mobile_legend.php on line 12.
 1 SYSTEMPATH\View\View.php(213): include()
 2 SYSTEMPATH\View\View.php(216): CodeIgniter\View\View->CodeIgniter\View\{closure}()
 3 SYSTEMPATH\Common.php(1184): CodeIgniter\View\View->render('game/mobile_legend', [], true)
 4 APPPATH\Controllers\MobilelegendController.php(9): view('game/mobile_legend')
 5 SYSTEMPATH\CodeIgniter.php(934): App\Controllers\MobilelegendController->index()
 6 SYSTEMPATH\CodeIgniter.php(499): CodeIgniter\CodeIgniter->runController(Object(App\Controllers\MobilelegendController))
 7 SYSTEMPATH\CodeIgniter.php(368): CodeIgniter\CodeIgniter->handleRequest(null, Object(Config\Cache), false)
 8 FCPATH\index.php(67): CodeIgniter\CodeIgniter->run()
 9 SYSTEMPATH\Commands\Server\rewrite.php(47): require_once('C:\\xampp\\htdocs\\game-on\\public\\index.php')
CRITICAL - 2023-07-07 17:53:55 --> Call to undefined function form_open()
in APPPATH\Views\game\mobile_legend.php on line 12.
 1 SYSTEMPATH\View\View.php(213): include()
 2 SYSTEMPATH\View\View.php(216): CodeIgniter\View\View->CodeIgniter\View\{closure}()
 3 SYSTEMPATH\Common.php(1184): CodeIgniter\View\View->render('game/mobile_legend', [], true)
 4 APPPATH\Controllers\MobilelegendController.php(9): view('game/mobile_legend')
 5 SYSTEMPATH\CodeIgniter.php(934): App\Controllers\MobilelegendController->index()
 6 SYSTEMPATH\CodeIgniter.php(499): CodeIgniter\CodeIgniter->runController(Object(App\Controllers\MobilelegendController))
 7 SYSTEMPATH\CodeIgniter.php(368): CodeIgniter\CodeIgniter->handleRequest(null, Object(Config\Cache), false)
 8 FCPATH\index.php(67): CodeIgniter\CodeIgniter->run()
 9 SYSTEMPATH\Commands\Server\rewrite.php(47): require_once('C:\\xampp\\htdocs\\game-on\\public\\index.php')
CRITICAL - 2023-07-07 17:54:02 --> Call to undefined function form_open()
in APPPATH\Views\game\mobile_legend.php on line 12.
 1 SYSTEMPATH\View\View.php(213): include()
 2 SYSTEMPATH\View\View.php(216): CodeIgniter\View\View->CodeIgniter\View\{closure}()
 3 SYSTEMPATH\Common.php(1184): CodeIgniter\View\View->render('game/mobile_legend', [], true)
 4 APPPATH\Controllers\MobilelegendController.php(9): view('game/mobile_legend')
 5 SYSTEMPATH\CodeIgniter.php(934): App\Controllers\MobilelegendController->index()
 6 SYSTEMPATH\CodeIgniter.php(499): CodeIgniter\CodeIgniter->runController(Object(App\Controllers\MobilelegendController))
 7 SYSTEMPATH\CodeIgniter.php(368): CodeIgniter\CodeIgniter->handleRequest(null, Object(Config\Cache), false)
 8 FCPATH\index.php(67): CodeIgniter\CodeIgniter->run()
 9 SYSTEMPATH\Commands\Server\rewrite.php(47): require_once('C:\\xampp\\htdocs\\game-on\\public\\index.php')
CRITICAL - 2023-07-07 17:54:51 --> Call to undefined function form_open()
in APPPATH\Views\game\mobile_legend.php on line 12.
 1 SYSTEMPATH\View\View.php(213): include()
 2 SYSTEMPATH\View\View.php(216): CodeIgniter\View\View->CodeIgniter\View\{closure}()
 3 SYSTEMPATH\Common.php(1184): CodeIgniter\View\View->render('game/mobile_legend', [], true)
 4 APPPATH\Controllers\MobilelegendController.php(9): view('game/mobile_legend')
 5 SYSTEMPATH\CodeIgniter.php(934): App\Controllers\MobilelegendController->index()
 6 SYSTEMPATH\CodeIgniter.php(499): CodeIgniter\CodeIgniter->runController(Object(App\Controllers\MobilelegendController))
 7 SYSTEMPATH\CodeIgniter.php(368): CodeIgniter\CodeIgniter->handleRequest(null, Object(Config\Cache), false)
 8 FCPATH\index.php(67): CodeIgniter\CodeIgniter->run()
 9 SYSTEMPATH\Commands\Server\rewrite.php(47): require_once('C:\\xampp\\htdocs\\game-on\\public\\index.php')
CRITICAL - 2023-07-07 17:55:05 --> Call to undefined function form_open()
in APPPATH\Views\game\mobile_legend.php on line 12.
 1 SYSTEMPATH\View\View.php(213): include()
 2 SYSTEMPATH\View\View.php(216): CodeIgniter\View\View->CodeIgniter\View\{closure}()
 3 SYSTEMPATH\Common.php(1184): CodeIgniter\View\View->render('game/mobile_legend', [], true)
 4 APPPATH\Controllers\MobilelegendController.php(9): view('game/mobile_legend')
 5 SYSTEMPATH\CodeIgniter.php(934): App\Controllers\MobilelegendController->index()
 6 SYSTEMPATH\CodeIgniter.php(499): CodeIgniter\CodeIgniter->runController(Object(App\Controllers\MobilelegendController))
 7 SYSTEMPATH\CodeIgniter.php(368): CodeIgniter\CodeIgniter->handleRequest(null, Object(Config\Cache), false)
 8 FCPATH\index.php(67): CodeIgniter\CodeIgniter->run()
 9 SYSTEMPATH\Commands\Server\rewrite.php(47): require_once('C:\\xampp\\htdocs\\game-on\\public\\index.php')
CRITICAL - 2023-07-07 17:55:47 --> Call to undefined function form_open()
in APPPATH\Views\game\mobile_legend.php on line 12.
 1 SYSTEMPATH\View\View.php(213): include()
 2 SYSTEMPATH\View\View.php(216): CodeIgniter\View\View->CodeIgniter\View\{closure}()
 3 SYSTEMPATH\Common.php(1184): CodeIgniter\View\View->render('game/mobile_legend', [], true)
 4 APPPATH\Controllers\MobilelegendController.php(9): view('game/mobile_legend')
 5 SYSTEMPATH\CodeIgniter.php(934): App\Controllers\MobilelegendController->index()
 6 SYSTEMPATH\CodeIgniter.php(499): CodeIgniter\CodeIgniter->runController(Object(App\Controllers\MobilelegendController))
 7 SYSTEMPATH\CodeIgniter.php(368): CodeIgniter\CodeIgniter->handleRequest(null, Object(Config\Cache), false)
 8 FCPATH\index.php(67): CodeIgniter\CodeIgniter->run()
 9 SYSTEMPATH\Commands\Server\rewrite.php(47): require_once('C:\\xampp\\htdocs\\game-on\\public\\index.php')
CRITICAL - 2023-07-07 17:55:48 --> Call to undefined function form_open()
in APPPATH\Views\game\mobile_legend.php on line 12.
 1 SYSTEMPATH\View\View.php(213): include()
 2 SYSTEMPATH\View\View.php(216): CodeIgniter\View\View->CodeIgniter\View\{closure}()
 3 SYSTEMPATH\Common.php(1184): CodeIgniter\View\View->render('game/mobile_legend', [], true)
 4 APPPATH\Controllers\MobilelegendController.php(9): view('game/mobile_legend')
 5 SYSTEMPATH\CodeIgniter.php(934): App\Controllers\MobilelegendController->index()
 6 SYSTEMPATH\CodeIgniter.php(499): CodeIgniter\CodeIgniter->runController(Object(App\Controllers\MobilelegendController))
 7 SYSTEMPATH\CodeIgniter.php(368): CodeIgniter\CodeIgniter->handleRequest(null, Object(Config\Cache), false)
 8 FCPATH\index.php(67): CodeIgniter\CodeIgniter->run()
 9 SYSTEMPATH\Commands\Server\rewrite.php(47): require_once('C:\\xampp\\htdocs\\game-on\\public\\index.php')
CRITICAL - 2023-07-07 17:55:48 --> Call to undefined function form_open()
in APPPATH\Views\game\mobile_legend.php on line 12.
 1 SYSTEMPATH\View\View.php(213): include()
 2 SYSTEMPATH\View\View.php(216): CodeIgniter\View\View->CodeIgniter\View\{closure}()
 3 SYSTEMPATH\Common.php(1184): CodeIgniter\View\View->render('game/mobile_legend', [], true)
 4 APPPATH\Controllers\MobilelegendController.php(9): view('game/mobile_legend')
 5 SYSTEMPATH\CodeIgniter.php(934): App\Controllers\MobilelegendController->index()
 6 SYSTEMPATH\CodeIgniter.php(499): CodeIgniter\CodeIgniter->runController(Object(App\Controllers\MobilelegendController))
 7 SYSTEMPATH\CodeIgniter.php(368): CodeIgniter\CodeIgniter->handleRequest(null, Object(Config\Cache), false)
 8 FCPATH\index.php(67): CodeIgniter\CodeIgniter->run()
 9 SYSTEMPATH\Commands\Server\rewrite.php(47): require_once('C:\\xampp\\htdocs\\game-on\\public\\index.php')
CRITICAL - 2023-07-07 17:55:54 --> Call to undefined function form_open()
in APPPATH\Views\game\mobile_legend.php on line 12.
 1 SYSTEMPATH\View\View.php(213): include()
 2 SYSTEMPATH\View\View.php(216): CodeIgniter\View\View->CodeIgniter\View\{closure}()
 3 SYSTEMPATH\Common.php(1184): CodeIgniter\View\View->render('game/mobile_legend', [], true)
 4 APPPATH\Controllers\MobilelegendController.php(9): view('game/mobile_legend')
 5 SYSTEMPATH\CodeIgniter.php(934): App\Controllers\MobilelegendController->index()
 6 SYSTEMPATH\CodeIgniter.php(499): CodeIgniter\CodeIgniter->runController(Object(App\Controllers\MobilelegendController))
 7 SYSTEMPATH\CodeIgniter.php(368): CodeIgniter\CodeIgniter->handleRequest(null, Object(Config\Cache), false)
 8 FCPATH\index.php(67): CodeIgniter\CodeIgniter->run()
 9 SYSTEMPATH\Commands\Server\rewrite.php(47): require_once('C:\\xampp\\htdocs\\game-on\\public\\index.php')
CRITICAL - 2023-07-07 17:55:54 --> Call to undefined function form_open()
in APPPATH\Views\game\mobile_legend.php on line 12.
 1 SYSTEMPATH\View\View.php(213): include()
 2 SYSTEMPATH\View\View.php(216): CodeIgniter\View\View->CodeIgniter\View\{closure}()
 3 SYSTEMPATH\Common.php(1184): CodeIgniter\View\View->render('game/mobile_legend', [], true)
 4 APPPATH\Controllers\MobilelegendController.php(9): view('game/mobile_legend')
 5 SYSTEMPATH\CodeIgniter.php(934): App\Controllers\MobilelegendController->index()
 6 SYSTEMPATH\CodeIgniter.php(499): CodeIgniter\CodeIgniter->runController(Object(App\Controllers\MobilelegendController))
 7 SYSTEMPATH\CodeIgniter.php(368): CodeIgniter\CodeIgniter->handleRequest(null, Object(Config\Cache), false)
 8 FCPATH\index.php(67): CodeIgniter\CodeIgniter->run()
 9 SYSTEMPATH\Commands\Server\rewrite.php(47): require_once('C:\\xampp\\htdocs\\game-on\\public\\index.php')
CRITICAL - 2023-07-07 17:55:54 --> Call to undefined function form_open()
in APPPATH\Views\game\mobile_legend.php on line 12.
 1 SYSTEMPATH\View\View.php(213): include()
 2 SYSTEMPATH\View\View.php(216): CodeIgniter\View\View->CodeIgniter\View\{closure}()
 3 SYSTEMPATH\Common.php(1184): CodeIgniter\View\View->render('game/mobile_legend', [], true)
 4 APPPATH\Controllers\MobilelegendController.php(9): view('game/mobile_legend')
 5 SYSTEMPATH\CodeIgniter.php(934): App\Controllers\MobilelegendController->index()
 6 SYSTEMPATH\CodeIgniter.php(499): CodeIgniter\CodeIgniter->runController(Object(App\Controllers\MobilelegendController))
 7 SYSTEMPATH\CodeIgniter.php(368): CodeIgniter\CodeIgniter->handleRequest(null, Object(Config\Cache), false)
 8 FCPATH\index.php(67): CodeIgniter\CodeIgniter->run()
 9 SYSTEMPATH\Commands\Server\rewrite.php(47): require_once('C:\\xampp\\htdocs\\game-on\\public\\index.php')
CRITICAL - 2023-07-07 17:55:54 --> Call to undefined function form_open()
in APPPATH\Views\game\mobile_legend.php on line 12.
 1 SYSTEMPATH\View\View.php(213): include()
 2 SYSTEMPATH\View\View.php(216): CodeIgniter\View\View->CodeIgniter\View\{closure}()
 3 SYSTEMPATH\Common.php(1184): CodeIgniter\View\View->render('game/mobile_legend', [], true)
 4 APPPATH\Controllers\MobilelegendController.php(9): view('game/mobile_legend')
 5 SYSTEMPATH\CodeIgniter.php(934): App\Controllers\MobilelegendController->index()
 6 SYSTEMPATH\CodeIgniter.php(499): CodeIgniter\CodeIgniter->runController(Object(App\Controllers\MobilelegendController))
 7 SYSTEMPATH\CodeIgniter.php(368): CodeIgniter\CodeIgniter->handleRequest(null, Object(Config\Cache), false)
 8 FCPATH\index.php(67): CodeIgniter\CodeIgniter->run()
 9 SYSTEMPATH\Commands\Server\rewrite.php(47): require_once('C:\\xampp\\htdocs\\game-on\\public\\index.php')
CRITICAL - 2023-07-07 17:56:20 --> Call to undefined function form_close()
in APPPATH\Views\game\mobile_legend.php on line 29.
 1 SYSTEMPATH\View\View.php(213): include()
 2 SYSTEMPATH\View\View.php(216): CodeIgniter\View\View->CodeIgniter\View\{closure}()
 3 SYSTEMPATH\Common.php(1184): CodeIgniter\View\View->render('game/mobile_legend', [], true)
 4 APPPATH\Controllers\MobilelegendController.php(9): view('game/mobile_legend')
 5 SYSTEMPATH\CodeIgniter.php(934): App\Controllers\MobilelegendController->index()
 6 SYSTEMPATH\CodeIgniter.php(499): CodeIgniter\CodeIgniter->runController(Object(App\Controllers\MobilelegendController))
 7 SYSTEMPATH\CodeIgniter.php(368): CodeIgniter\CodeIgniter->handleRequest(null, Object(Config\Cache), false)
 8 FCPATH\index.php(67): CodeIgniter\CodeIgniter->run()
 9 SYSTEMPATH\Commands\Server\rewrite.php(47): require_once('C:\\xampp\\htdocs\\game-on\\public\\index.php')
CRITICAL - 2023-07-07 17:56:21 --> Call to undefined function form_close()
in APPPATH\Views\game\mobile_legend.php on line 29.
 1 SYSTEMPATH\View\View.php(213): include()
 2 SYSTEMPATH\View\View.php(216): CodeIgniter\View\View->CodeIgniter\View\{closure}()
 3 SYSTEMPATH\Common.php(1184): CodeIgniter\View\View->render('game/mobile_legend', [], true)
 4 APPPATH\Controllers\MobilelegendController.php(9): view('game/mobile_legend')
 5 SYSTEMPATH\CodeIgniter.php(934): App\Controllers\MobilelegendController->index()
 6 SYSTEMPATH\CodeIgniter.php(499): CodeIgniter\CodeIgniter->runController(Object(App\Controllers\MobilelegendController))
 7 SYSTEMPATH\CodeIgniter.php(368): CodeIgniter\CodeIgniter->handleRequest(null, Object(Config\Cache), false)
 8 FCPATH\index.php(67): CodeIgniter\CodeIgniter->run()
 9 SYSTEMPATH\Commands\Server\rewrite.php(47): require_once('C:\\xampp\\htdocs\\game-on\\public\\index.php')
CRITICAL - 2023-07-07 17:56:21 --> Call to undefined function form_close()
in APPPATH\Views\game\mobile_legend.php on line 29.
 1 SYSTEMPATH\View\View.php(213): include()
 2 SYSTEMPATH\View\View.php(216): CodeIgniter\View\View->CodeIgniter\View\{closure}()
 3 SYSTEMPATH\Common.php(1184): CodeIgniter\View\View->render('game/mobile_legend', [], true)
 4 APPPATH\Controllers\MobilelegendController.php(9): view('game/mobile_legend')
 5 SYSTEMPATH\CodeIgniter.php(934): App\Controllers\MobilelegendController->index()
 6 SYSTEMPATH\CodeIgniter.php(499): CodeIgniter\CodeIgniter->runController(Object(App\Controllers\MobilelegendController))
 7 SYSTEMPATH\CodeIgniter.php(368): CodeIgniter\CodeIgniter->handleRequest(null, Object(Config\Cache), false)
 8 FCPATH\index.php(67): CodeIgniter\CodeIgniter->run()
 9 SYSTEMPATH\Commands\Server\rewrite.php(47): require_once('C:\\xampp\\htdocs\\game-on\\public\\index.php')
INFO - 2023-07-07 17:57:52 --> Session: Class initialized using 'CodeIgniter\Session\Handlers\FileHandler' driver.
CRITICAL - 2023-07-07 18:00:47 --> Invalid file: "mobile_legend.php"
in SYSTEMPATH\Exceptions\FrameworkException.php on line 33.
 1 SYSTEMPATH\View\View.php(201): CodeIgniter\Exceptions\FrameworkException::forInvalidFile('mobile_legend.php')
 2 SYSTEMPATH\Common.php(1184): CodeIgniter\View\View->render('mobile_legend', [], true)
 3 APPPATH\Controllers\MobilelegendController.php(9): view('mobile_legend')
 4 SYSTEMPATH\CodeIgniter.php(934): App\Controllers\MobilelegendController->index()
 5 SYSTEMPATH\CodeIgniter.php(499): CodeIgniter\CodeIgniter->runController(Object(App\Controllers\MobilelegendController))
 6 SYSTEMPATH\CodeIgniter.php(368): CodeIgniter\CodeIgniter->handleRequest(null, Object(Config\Cache), false)
 7 FCPATH\index.php(67): CodeIgniter\CodeIgniter->run()
 8 SYSTEMPATH\Commands\Server\rewrite.php(47): require_once('C:\\xampp\\htdocs\\game-on\\public\\index.php')
INFO - 2023-07-07 18:02:29 --> Session: Class initialized using 'CodeIgniter\Session\Handlers\FileHandler' driver.
INFO - 2023-07-07 18:03:21 --> Session: Class initialized using 'CodeIgniter\Session\Handlers\FileHandler' driver.
INFO - 2023-07-07 18:04:18 --> Session: Class initialized using 'CodeIgniter\Session\Handlers\FileHandler' driver.
INFO - 2023-07-07 18:04:24 --> Session: Class initialized using 'CodeIgniter\Session\Handlers\FileHandler' driver.
INFO - 2023-07-07 18:13:49 --> Session: Class initialized using 'CodeIgniter\Session\Handlers\FileHandler' driver.
INFO - 2023-07-07 18:22:31 --> Session: Class initialized using 'CodeIgniter\Session\Handlers\FileHandler' driver.
ERROR - 2023-07-07 18:22:34 --> mysqli_sql_exception: Table 'db_gameon.diamond_topup' doesn't exist in C:\xampp\htdocs\game-on\system\Database\MySQLi\Connection.php:295
Stack trace:
#0 C:\xampp\htdocs\game-on\system\Database\MySQLi\Connection.php(295): mysqli->query('SELECT *\nFROM `...', 0)
#1 C:\xampp\htdocs\game-on\system\Database\BaseConnection.php(692): CodeIgniter\Database\MySQLi\Connection->execute('SELECT *\nFROM `...')
#2 C:\xampp\htdocs\game-on\system\Database\BaseConnection.php(606): CodeIgniter\Database\BaseConnection->simpleQuery('SELECT *\nFROM `...')
#3 C:\xampp\htdocs\game-on\system\Database\BaseBuilder.php(1616): CodeIgniter\Database\BaseConnection->query('SELECT *\nFROM `...', Array, false)
#4 C:\xampp\htdocs\game-on\system\Model.php(241): CodeIgniter\Database\BaseBuilder->get()
#5 C:\xampp\htdocs\game-on\system\BaseModel.php(618): CodeIgniter\Model->doFindAll(0, 0)
#6 C:\xampp\htdocs\game-on\app\Controllers\DiamondTopupController.php(12): CodeIgniter\BaseModel->findAll()
#7 C:\xampp\htdocs\game-on\system\CodeIgniter.php(934): App\Controllers\DiamondTopupController->index()
#8 C:\xampp\htdocs\game-on\system\CodeIgniter.php(499): CodeIgniter\CodeIgniter->runController(Object(App\Controllers\DiamondTopupController))
#9 C:\xampp\htdocs\game-on\system\CodeIgniter.php(368): CodeIgniter\CodeIgniter->handleRequest(NULL, Object(Config\Cache), false)
#10 C:\xampp\htdocs\game-on\public\index.php(67): CodeIgniter\CodeIgniter->run()
#11 C:\xampp\htdocs\game-on\system\Commands\Server\rewrite.php(47): require_once('C:\\xampp\\htdocs...')
#12 {main}
CRITICAL - 2023-07-07 18:22:34 --> Table 'db_gameon.diamond_topup' doesn't exist
in SYSTEMPATH\Database\MySQLi\Connection.php on line 295.
 1 SYSTEMPATH\Database\MySQLi\Connection.php(295): mysqli->query('SELECT *
FROM `diamond_topup`', 0)
 2 SYSTEMPATH\Database\BaseConnection.php(692): CodeIgniter\Database\MySQLi\Connection->execute('SELECT *
FROM `diamond_topup`')
 3 SYSTEMPATH\Database\BaseConnection.php(606): CodeIgniter\Database\BaseConnection->simpleQuery('SELECT *
FROM `diamond_topup`')
 4 SYSTEMPATH\Database\BaseBuilder.php(1616): CodeIgniter\Database\BaseConnection->query('SELECT *
FROM `diamond_topup`', [], false)
 5 SYSTEMPATH\Model.php(241): CodeIgniter\Database\BaseBuilder->get()
 6 SYSTEMPATH\BaseModel.php(618): CodeIgniter\Model->doFindAll(0, 0)
 7 APPPATH\Controllers\DiamondTopupController.php(12): CodeIgniter\BaseModel->findAll()
 8 SYSTEMPATH\CodeIgniter.php(934): App\Controllers\DiamondTopupController->index()
 9 SYSTEMPATH\CodeIgniter.php(499): CodeIgniter\CodeIgniter->runController(Object(App\Controllers\DiamondTopupController))
10 SYSTEMPATH\CodeIgniter.php(368): CodeIgniter\CodeIgniter->handleRequest(null, Object(Config\Cache), false)
11 FCPATH\index.php(67): CodeIgniter\CodeIgniter->run()
12 SYSTEMPATH\Commands\Server\rewrite.php(47): require_once('C:\\xampp\\htdocs\\game-on\\public\\index.php')
INFO - 2023-07-07 18:25:56 --> Session: Class initialized using 'CodeIgniter\Session\Handlers\FileHandler' driver.
INFO - 2023-07-07 18:26:12 --> Session: Class initialized using 'CodeIgniter\Session\Handlers\FileHandler' driver.
INFO - 2023-07-07 18:26:12 --> Session: Class initialized using 'CodeIgniter\Session\Handlers\FileHandler' driver.
INFO - 2023-07-07 18:26:15 --> Session: Class initialized using 'CodeIgniter\Session\Handlers\FileHandler' driver.
INFO - 2023-07-07 18:26:15 --> Session: Class initialized using 'CodeIgniter\Session\Handlers\FileHandler' driver.
INFO - 2023-07-07 18:26:17 --> Session: Class initialized using 'CodeIgniter\Session\Handlers\FileHandler' driver.
INFO - 2023-07-07 18:26:17 --> Session: Class initialized using 'CodeIgniter\Session\Handlers\FileHandler' driver.
INFO - 2023-07-07 18:26:20 --> Session: Class initialized using 'CodeIgniter\Session\Handlers\FileHandler' driver.
INFO - 2023-07-07 18:26:20 --> Session: Class initialized using 'CodeIgniter\Session\Handlers\FileHandler' driver.
INFO - 2023-07-07 18:26:21 --> Session: Class initialized using 'CodeIgniter\Session\Handlers\FileHandler' driver.
INFO - 2023-07-07 18:26:21 --> Session: Class initialized using 'CodeIgniter\Session\Handlers\FileHandler' driver.
ERROR - 2023-07-07 18:26:31 --> mysqli_sql_exception: Table 'game-on.members' doesn't exist in C:\xampp\htdocs\game-on\system\Database\MySQLi\Connection.php:295
Stack trace:
#0 C:\xampp\htdocs\game-on\system\Database\MySQLi\Connection.php(295): mysqli->query('SELECT *\nFROM `...', 0)
#1 C:\xampp\htdocs\game-on\system\Database\BaseConnection.php(692): CodeIgniter\Database\MySQLi\Connection->execute('SELECT *\nFROM `...')
#2 C:\xampp\htdocs\game-on\system\Database\BaseConnection.php(606): CodeIgniter\Database\BaseConnection->simpleQuery('SELECT *\nFROM `...')
#3 C:\xampp\htdocs\game-on\system\Database\BaseBuilder.php(1616): CodeIgniter\Database\BaseConnection->query('SELECT *\nFROM `...', Array, false)
#4 C:\xampp\htdocs\game-on\system\Model.php(241): CodeIgniter\Database\BaseBuilder->get()
#5 C:\xampp\htdocs\game-on\system\BaseModel.php(618): CodeIgniter\Model->doFindAll(0, 0)
#6 C:\xampp\htdocs\game-on\app\Controllers\Dashboard.php(27): CodeIgniter\BaseModel->findAll()
#7 C:\xampp\htdocs\game-on\system\CodeIgniter.php(934): App\Controllers\Dashboard->anggota()
#8 C:\xampp\htdocs\game-on\system\CodeIgniter.php(499): CodeIgniter\CodeIgniter->runController(Object(App\Controllers\Dashboard))
#9 C:\xampp\htdocs\game-on\system\CodeIgniter.php(368): CodeIgniter\CodeIgniter->handleRequest(NULL, Object(Config\Cache), false)
#10 C:\xampp\htdocs\game-on\public\index.php(67): CodeIgniter\CodeIgniter->run()
#11 C:\xampp\htdocs\game-on\system\Commands\Server\rewrite.php(47): require_once('C:\\xampp\\htdocs...')
#12 {main}
CRITICAL - 2023-07-07 18:26:31 --> Table 'game-on.members' doesn't exist
in SYSTEMPATH\Database\MySQLi\Connection.php on line 295.
 1 SYSTEMPATH\Database\MySQLi\Connection.php(295): mysqli->query('SELECT *
FROM `members`', 0)
 2 SYSTEMPATH\Database\BaseConnection.php(692): CodeIgniter\Database\MySQLi\Connection->execute('SELECT *
FROM `members`')
 3 SYSTEMPATH\Database\BaseConnection.php(606): CodeIgniter\Database\BaseConnection->simpleQuery('SELECT *
FROM `members`')
 4 SYSTEMPATH\Database\BaseBuilder.php(1616): CodeIgniter\Database\BaseConnection->query('SELECT *
FROM `members`', [], false)
 5 SYSTEMPATH\Model.php(241): CodeIgniter\Database\BaseBuilder->get()
 6 SYSTEMPATH\BaseModel.php(618): CodeIgniter\Model->doFindAll(0, 0)
 7 APPPATH\Controllers\Dashboard.php(27): CodeIgniter\BaseModel->findAll()
 8 SYSTEMPATH\CodeIgniter.php(934): App\Controllers\Dashboard->anggota()
 9 SYSTEMPATH\CodeIgniter.php(499): CodeIgniter\CodeIgniter->runController(Object(App\Controllers\Dashboard))
10 SYSTEMPATH\CodeIgniter.php(368): CodeIgniter\CodeIgniter->handleRequest(null, Object(Config\Cache), false)
11 FCPATH\index.php(67): CodeIgniter\CodeIgniter->run()
12 SYSTEMPATH\Commands\Server\rewrite.php(47): require_once('C:\\xampp\\htdocs\\game-on\\public\\index.php')
ERROR - 2023-07-07 18:26:36 --> mysqli_sql_exception: Table 'game-on.members' doesn't exist in C:\xampp\htdocs\game-on\system\Database\MySQLi\Connection.php:295
Stack trace:
#0 C:\xampp\htdocs\game-on\system\Database\MySQLi\Connection.php(295): mysqli->query('SELECT *\nFROM `...', 0)
#1 C:\xampp\htdocs\game-on\system\Database\BaseConnection.php(692): CodeIgniter\Database\MySQLi\Connection->execute('SELECT *\nFROM `...')
#2 C:\xampp\htdocs\game-on\system\Database\BaseConnection.php(606): CodeIgniter\Database\BaseConnection->simpleQuery('SELECT *\nFROM `...')
#3 C:\xampp\htdocs\game-on\system\Database\BaseBuilder.php(1616): CodeIgniter\Database\BaseConnection->query('SELECT *\nFROM `...', Array, false)
#4 C:\xampp\htdocs\game-on\system\Model.php(241): CodeIgniter\Database\BaseBuilder->get()
#5 C:\xampp\htdocs\game-on\system\BaseModel.php(618): CodeIgniter\Model->doFindAll(0, 0)
#6 C:\xampp\htdocs\game-on\app\Controllers\Dashboard.php(27): CodeIgniter\BaseModel->findAll()
#7 C:\xampp\htdocs\game-on\system\CodeIgniter.php(934): App\Controllers\Dashboard->anggota()
#8 C:\xampp\htdocs\game-on\system\CodeIgniter.php(499): CodeIgniter\CodeIgniter->runController(Object(App\Controllers\Dashboard))
#9 C:\xampp\htdocs\game-on\system\CodeIgniter.php(368): CodeIgniter\CodeIgniter->handleRequest(NULL, Object(Config\Cache), false)
#10 C:\xampp\htdocs\game-on\public\index.php(67): CodeIgniter\CodeIgniter->run()
#11 C:\xampp\htdocs\game-on\system\Commands\Server\rewrite.php(47): require_once('C:\\xampp\\htdocs...')
#12 {main}
CRITICAL - 2023-07-07 18:26:36 --> Table 'game-on.members' doesn't exist
in SYSTEMPATH\Database\MySQLi\Connection.php on line 295.
 1 SYSTEMPATH\Database\MySQLi\Connection.php(295): mysqli->query('SELECT *
FROM `members`', 0)
 2 SYSTEMPATH\Database\BaseConnection.php(692): CodeIgniter\Database\MySQLi\Connection->execute('SELECT *
FROM `members`')
 3 SYSTEMPATH\Database\BaseConnection.php(606): CodeIgniter\Database\BaseConnection->simpleQuery('SELECT *
FROM `members`')
 4 SYSTEMPATH\Database\BaseBuilder.php(1616): CodeIgniter\Database\BaseConnection->query('SELECT *
FROM `members`', [], false)
 5 SYSTEMPATH\Model.php(241): CodeIgniter\Database\BaseBuilder->get()
 6 SYSTEMPATH\BaseModel.php(618): CodeIgniter\Model->doFindAll(0, 0)
 7 APPPATH\Controllers\Dashboard.php(27): CodeIgniter\BaseModel->findAll()
 8 SYSTEMPATH\CodeIgniter.php(934): App\Controllers\Dashboard->anggota()
 9 SYSTEMPATH\CodeIgniter.php(499): CodeIgniter\CodeIgniter->runController(Object(App\Controllers\Dashboard))
10 SYSTEMPATH\CodeIgniter.php(368): CodeIgniter\CodeIgniter->handleRequest(null, Object(Config\Cache), false)
11 FCPATH\index.php(67): CodeIgniter\CodeIgniter->run()
12 SYSTEMPATH\Commands\Server\rewrite.php(47): require_once('C:\\xampp\\htdocs\\game-on\\public\\index.php')
ERROR - 2023-07-07 18:26:42 --> mysqli_sql_exception: Table 'game-on.members' doesn't exist in C:\xampp\htdocs\game-on\system\Database\MySQLi\Connection.php:295
Stack trace:
#0 C:\xampp\htdocs\game-on\system\Database\MySQLi\Connection.php(295): mysqli->query('SELECT *\nFROM `...', 0)
#1 C:\xampp\htdocs\game-on\system\Database\BaseConnection.php(692): CodeIgniter\Database\MySQLi\Connection->execute('SELECT *\nFROM `...')
#2 C:\xampp\htdocs\game-on\system\Database\BaseConnection.php(606): CodeIgniter\Database\BaseConnection->simpleQuery('SELECT *\nFROM `...')
#3 C:\xampp\htdocs\game-on\system\Database\BaseBuilder.php(1616): CodeIgniter\Database\BaseConnection->query('SELECT *\nFROM `...', Array, false)
#4 C:\xampp\htdocs\game-on\system\Model.php(241): CodeIgniter\Database\BaseBuilder->get()
#5 C:\xampp\htdocs\game-on\system\BaseModel.php(618): CodeIgniter\Model->doFindAll(0, 0)
#6 C:\xampp\htdocs\game-on\app\Controllers\Dashboard.php(27): CodeIgniter\BaseModel->findAll()
#7 C:\xampp\htdocs\game-on\system\CodeIgniter.php(934): App\Controllers\Dashboard->anggota()
#8 C:\xampp\htdocs\game-on\system\CodeIgniter.php(499): CodeIgniter\CodeIgniter->runController(Object(App\Controllers\Dashboard))
#9 C:\xampp\htdocs\game-on\system\CodeIgniter.php(368): CodeIgniter\CodeIgniter->handleRequest(NULL, Object(Config\Cache), false)
#10 C:\xampp\htdocs\game-on\public\index.php(67): CodeIgniter\CodeIgniter->run()
#11 C:\xampp\htdocs\game-on\system\Commands\Server\rewrite.php(47): require_once('C:\\xampp\\htdocs...')
#12 {main}
CRITICAL - 2023-07-07 18:26:42 --> Table 'game-on.members' doesn't exist
in SYSTEMPATH\Database\MySQLi\Connection.php on line 295.
 1 SYSTEMPATH\Database\MySQLi\Connection.php(295): mysqli->query('SELECT *
FROM `members`', 0)
 2 SYSTEMPATH\Database\BaseConnection.php(692): CodeIgniter\Database\MySQLi\Connection->execute('SELECT *
FROM `members`')
 3 SYSTEMPATH\Database\BaseConnection.php(606): CodeIgniter\Database\BaseConnection->simpleQuery('SELECT *
FROM `members`')
 4 SYSTEMPATH\Database\BaseBuilder.php(1616): CodeIgniter\Database\BaseConnection->query('SELECT *
FROM `members`', [], false)
 5 SYSTEMPATH\Model.php(241): CodeIgniter\Database\BaseBuilder->get()
 6 SYSTEMPATH\BaseModel.php(618): CodeIgniter\Model->doFindAll(0, 0)
 7 APPPATH\Controllers\Dashboard.php(27): CodeIgniter\BaseModel->findAll()
 8 SYSTEMPATH\CodeIgniter.php(934): App\Controllers\Dashboard->anggota()
 9 SYSTEMPATH\CodeIgniter.php(499): CodeIgniter\CodeIgniter->runController(Object(App\Controllers\Dashboard))
10 SYSTEMPATH\CodeIgniter.php(368): CodeIgniter\CodeIgniter->handleRequest(null, Object(Config\Cache), false)
11 FCPATH\index.php(67): CodeIgniter\CodeIgniter->run()
12 SYSTEMPATH\Commands\Server\rewrite.php(47): require_once('C:\\xampp\\htdocs\\game-on\\public\\index.php')
INFO - 2023-07-07 18:27:58 --> Session: Class initialized using 'CodeIgniter\Session\Handlers\FileHandler' driver.
INFO - 2023-07-07 18:54:48 --> Session: Class initialized using 'CodeIgniter\Session\Handlers\FileHandler' driver.
INFO - 2023-07-07 18:54:52 --> Session: Class initialized using 'CodeIgniter\Session\Handlers\FileHandler' driver.
INFO - 2023-07-07 18:57:38 --> Session: Class initialized using 'CodeIgniter\Session\Handlers\FileHandler' driver.
INFO - 2023-07-07 18:57:38 --> Session: Class initialized using 'CodeIgniter\Session\Handlers\FileHandler' driver.
INFO - 2023-07-07 18:57:39 --> Session: Class initialized using 'CodeIgniter\Session\Handlers\FileHandler' driver.
INFO - 2023-07-07 18:59:21 --> Session: Class initialized using 'CodeIgniter\Session\Handlers\FileHandler' driver.
CRITICAL - 2023-07-07 19:01:52 --> Undefined variable $members
in APPPATH\Views\dashboard\anggota.php on line 96.
 1 APPPATH\Views\dashboard\anggota.php(96): CodeIgniter\Debug\Exceptions->errorHandler(2, 'Undefined variable $members', 'C:\\xampp\\htdocs\\game-on\\app\\Views\\dashboard\\anggota.php', 96)
 2 SYSTEMPATH\View\View.php(213): include('C:\\xampp\\htdocs\\game-on\\app\\Views\\dashboard\\anggota.php')
 3 SYSTEMPATH\View\View.php(216): CodeIgniter\View\View->CodeIgniter\View\{closure}()
 4 SYSTEMPATH\Common.php(1184): CodeIgniter\View\View->render('dashboard/anggota', [], true)
 5 APPPATH\Controllers\Dashboard.php(34): view('dashboard/anggota', [...])
 6 SYSTEMPATH\CodeIgniter.php(934): App\Controllers\Dashboard->anggota()
 7 SYSTEMPATH\CodeIgniter.php(499): CodeIgniter\CodeIgniter->runController(Object(App\Controllers\Dashboard))
 8 SYSTEMPATH\CodeIgniter.php(368): CodeIgniter\CodeIgniter->handleRequest(null, Object(Config\Cache), false)
 9 FCPATH\index.php(67): CodeIgniter\CodeIgniter->run()
10 SYSTEMPATH\Commands\Server\rewrite.php(47): require_once('C:\\xampp\\htdocs\\game-on\\public\\index.php')
CRITICAL - 2023-07-07 19:02:53 --> Undefined variable $members
in APPPATH\Views\dashboard\anggota.php on line 96.
 1 APPPATH\Views\dashboard\anggota.php(96): CodeIgniter\Debug\Exceptions->errorHandler(2, 'Undefined variable $members', 'C:\\xampp\\htdocs\\game-on\\app\\Views\\dashboard\\anggota.php', 96)
 2 SYSTEMPATH\View\View.php(213): include('C:\\xampp\\htdocs\\game-on\\app\\Views\\dashboard\\anggota.php')
 3 SYSTEMPATH\View\View.php(216): CodeIgniter\View\View->CodeIgniter\View\{closure}()
 4 SYSTEMPATH\Common.php(1184): CodeIgniter\View\View->render('dashboard/anggota', [], true)
 5 APPPATH\Controllers\Dashboard.php(34): view('dashboard/anggota', [...])
 6 SYSTEMPATH\CodeIgniter.php(934): App\Controllers\Dashboard->anggota()
 7 SYSTEMPATH\CodeIgniter.php(499): CodeIgniter\CodeIgniter->runController(Object(App\Controllers\Dashboard))
 8 SYSTEMPATH\CodeIgniter.php(368): CodeIgniter\CodeIgniter->handleRequest(null, Object(Config\Cache), false)
 9 FCPATH\index.php(67): CodeIgniter\CodeIgniter->run()
10 SYSTEMPATH\Commands\Server\rewrite.php(47): require_once('C:\\xampp\\htdocs\\game-on\\public\\index.php')
CRITICAL - 2023-07-07 19:09:29 --> Undefined array key "name"
in APPPATH\Views\dashboard\anggota.php on line 98.
 1 APPPATH\Views\dashboard\anggota.php(98): CodeIgniter\Debug\Exceptions->errorHandler(2, 'Undefined array key "name"', 'C:\\xampp\\htdocs\\game-on\\app\\Views\\dashboard\\anggota.php', 98)
 2 SYSTEMPATH\View\View.php(213): include('C:\\xampp\\htdocs\\game-on\\app\\Views\\dashboard\\anggota.php')
 3 SYSTEMPATH\View\View.php(216): CodeIgniter\View\View->CodeIgniter\View\{closure}()
 4 SYSTEMPATH\Common.php(1184): CodeIgniter\View\View->render('dashboard/anggota', [], true)
 5 APPPATH\Controllers\Dashboard.php(34): view('dashboard/anggota', [...])
 6 SYSTEMPATH\CodeIgniter.php(934): App\Controllers\Dashboard->anggota()
 7 SYSTEMPATH\CodeIgniter.php(499): CodeIgniter\CodeIgniter->runController(Object(App\Controllers\Dashboard))
 8 SYSTEMPATH\CodeIgniter.php(368): CodeIgniter\CodeIgniter->handleRequest(null, Object(Config\Cache), false)
 9 FCPATH\index.php(67): CodeIgniter\CodeIgniter->run()
10 SYSTEMPATH\Commands\Server\rewrite.php(47): require_once('C:\\xampp\\htdocs\\game-on\\public\\index.php')
CRITICAL - 2023-07-07 19:09:44 --> Undefined variable $member
in APPPATH\Views\dashboard\anggota.php on line 101.
 1 APPPATH\Views\dashboard\anggota.php(101): CodeIgniter\Debug\Exceptions->errorHandler(2, 'Undefined variable $member', 'C:\\xampp\\htdocs\\game-on\\app\\Views\\dashboard\\anggota.php', 101)
 2 SYSTEMPATH\View\View.php(213): include('C:\\xampp\\htdocs\\game-on\\app\\Views\\dashboard\\anggota.php')
 3 SYSTEMPATH\View\View.php(216): CodeIgniter\View\View->CodeIgniter\View\{closure}()
 4 SYSTEMPATH\Common.php(1184): CodeIgniter\View\View->render('dashboard/anggota', [], true)
 5 APPPATH\Controllers\Dashboard.php(34): view('dashboard/anggota', [...])
 6 SYSTEMPATH\CodeIgniter.php(934): App\Controllers\Dashboard->anggota()
 7 SYSTEMPATH\CodeIgniter.php(499): CodeIgniter\CodeIgniter->runController(Object(App\Controllers\Dashboard))
 8 SYSTEMPATH\CodeIgniter.php(368): CodeIgniter\CodeIgniter->handleRequest(null, Object(Config\Cache), false)
 9 FCPATH\index.php(67): CodeIgniter\CodeIgniter->run()
10 SYSTEMPATH\Commands\Server\rewrite.php(47): require_once('C:\\xampp\\htdocs\\game-on\\public\\index.php')
CRITICAL - 2023-07-07 19:09:45 --> Undefined variable $member
in APPPATH\Views\dashboard\anggota.php on line 101.
 1 APPPATH\Views\dashboard\anggota.php(101): CodeIgniter\Debug\Exceptions->errorHandler(2, 'Undefined variable $member', 'C:\\xampp\\htdocs\\game-on\\app\\Views\\dashboard\\anggota.php', 101)
 2 SYSTEMPATH\View\View.php(213): include('C:\\xampp\\htdocs\\game-on\\app\\Views\\dashboard\\anggota.php')
 3 SYSTEMPATH\View\View.php(216): CodeIgniter\View\View->CodeIgniter\View\{closure}()
 4 SYSTEMPATH\Common.php(1184): CodeIgniter\View\View->render('dashboard/anggota', [], true)
 5 APPPATH\Controllers\Dashboard.php(34): view('dashboard/anggota', [...])
 6 SYSTEMPATH\CodeIgniter.php(934): App\Controllers\Dashboard->anggota()
 7 SYSTEMPATH\CodeIgniter.php(499): CodeIgniter\CodeIgniter->runController(Object(App\Controllers\Dashboard))
 8 SYSTEMPATH\CodeIgniter.php(368): CodeIgniter\CodeIgniter->handleRequest(null, Object(Config\Cache), false)
 9 FCPATH\index.php(67): CodeIgniter\CodeIgniter->run()
10 SYSTEMPATH\Commands\Server\rewrite.php(47): require_once('C:\\xampp\\htdocs\\game-on\\public\\index.php')
CRITICAL - 2023-07-07 19:11:52 --> Undefined variable $member
in APPPATH\Views\dashboard\anggota.php on line 101.
 1 APPPATH\Views\dashboard\anggota.php(101): CodeIgniter\Debug\Exceptions->errorHandler(2, 'Undefined variable $member', 'C:\\xampp\\htdocs\\game-on\\app\\Views\\dashboard\\anggota.php', 101)
 2 SYSTEMPATH\View\View.php(213): include('C:\\xampp\\htdocs\\game-on\\app\\Views\\dashboard\\anggota.php')
 3 SYSTEMPATH\View\View.php(216): CodeIgniter\View\View->CodeIgniter\View\{closure}()
 4 SYSTEMPATH\Common.php(1184): CodeIgniter\View\View->render('dashboard/anggota', [], true)
 5 APPPATH\Controllers\Dashboard.php(34): view('dashboard/anggota', [...])
 6 SYSTEMPATH\CodeIgniter.php(934): App\Controllers\Dashboard->anggota()
 7 SYSTEMPATH\CodeIgniter.php(499): CodeIgniter\CodeIgniter->runController(Object(App\Controllers\Dashboard))
 8 SYSTEMPATH\CodeIgniter.php(368): CodeIgniter\CodeIgniter->handleRequest(null, Object(Config\Cache), false)
 9 FCPATH\index.php(67): CodeIgniter\CodeIgniter->run()
10 SYSTEMPATH\Commands\Server\rewrite.php(47): require_once('C:\\xampp\\htdocs\\game-on\\public\\index.php')
